#!encrypt#!25#!

M*OZn:P\Yp>E.s,p#t#"$#
#!encrypt#!4#!N%Ti#!encrypt#!7#!b8 zGh{#!encrypt#!4#!NPyR#!encrypt#!13#!N{GkVZo\}c)lX#!encrypt#!4#!N+0g#!encrypt#!7#!NPy;`%h#!encrypt#!1#!
#!encrypt#!4#!N%Ti#!encrypt#!7#!b8 zGh{#!encrypt#!4#!NPyR#!encrypt#!13#!NoGkVZo\}c)lX#!encrypt#!4#!N+0g#!encrypt#!7#!NPy;`%h#!encrypt#!1#!
#!encrypt#!4#!N%Ti#!encrypt#!7#!b8 zGh{#!encrypt#!4#!NPyR#!encrypt#!8#!N{h.$^+%#!encrypt#!4#!N+0g#!encrypt#!7#!NPy;`%h#!encrypt#!1#!
#!encrypt#!4#!N%Ti#!encrypt#!7#!b8 zGh{#!encrypt#!4#!NPyR#!encrypt#!8#!Noh.$^+%#!encrypt#!4#!N+0g#!encrypt#!7#!NPy;`%h#!encrypt#!1#!
#!encrypt#!4#!N%Ti#!encrypt#!7#!b8 zGh{#!encrypt#!13#!N{GkVZo\}c)lX#!encrypt#!5#!NoEp(#!encrypt#!1#!
#!encrypt#!4#!N%Ti#!encrypt#!7#!b8 zGh{#!encrypt#!13#!NoGkVZo\}c)lX#!encrypt#!5#!N{Ep(#!encrypt#!1#!
#!encrypt#!4#!N%Ti#!encrypt#!7#!b8 zGh{#!encrypt#!4#!NPyR#!encrypt#!5#!N{Ep(#!encrypt#!4#!N+0g#!encrypt#!7#!NPy;`%h#!encrypt#!1#!
#!encrypt#!4#!N%Ti#!encrypt#!7#!b8 zGh{#!encrypt#!4#!NPyR#!encrypt#!5#!NoEp(#!encrypt#!4#!N+0g#!encrypt#!7#!NPy;`%h#!encrypt#!1#!
#!encrypt#!4#!N%Ti#!encrypt#!7#!b8 zGh{#!encrypt#!4#!NPyR#!encrypt#!13#!NaJk2P*\x#?n6#!encrypt#!4#!N+0g#!encrypt#!7#!NPy;`%h#!encrypt#!1#!
#!encrypt#!4#!N%Ti#!encrypt#!7#!b8 zGh{#!encrypt#!4#!NPyR#!encrypt#!5#!N{M~x#!encrypt#!4#!N+0g#!encrypt#!12#!N{M~x=6#m\Y4#!encrypt#!1#!
#!encrypt#!4#!N%Ti#!encrypt#!7#!b8 zGh{#!encrypt#!5#!N{M~x#!encrypt#!5#!N{l]$#!encrypt#!1#!
#!encrypt#!4#!N%Ti#!encrypt#!7#!b8 zGh{#!encrypt#!5#!N{M~x#!encrypt#!5#!Nol]$#!encrypt#!1#!
#!encrypt#!4#!N%Ti#!encrypt#!7#!b8 zGh{#!encrypt#!5#!ND4fO#!encrypt#!5#!N{M~x#!encrypt#!1#!
#!encrypt#!4#!N%Ti#!encrypt#!7#!b8 zGh{#!encrypt#!4#!NPyR#!encrypt#!8#!Np[.(\6e#!encrypt#!4#!N+0g#!encrypt#!7#!NPy;`%h#!encrypt#!1#!
#!encrypt#!4#!N%Ti#!encrypt#!7#!b8 zGh{#!encrypt#!4#!NPyR#!encrypt#!16#!Np[.T\C>mjMo}cUx#!encrypt#!4#!N+0g#!encrypt#!7#!NPy;`%h#!encrypt#!1#!
#!encrypt#!4#!N%Ti#!encrypt#!7#!b8 zGh{#!encrypt#!5#!NQffB#!encrypt#!4#!NPyR#!encrypt#!4#!N+0g#!encrypt#!5#!NQqkZ#!encrypt#!1#!
#!encrypt#!4#!N%Ti#!encrypt#!7#!b8 zGh{#!encrypt#!5#!NQffa#!encrypt#!5#!NQffB#!encrypt#!4#!N+0g#!encrypt#!4#!Nkyp#!encrypt#!1#!
#!encrypt#!4#!N%Ti#!encrypt#!7#!b8 zGh{#!encrypt#!5#!NQffm#!encrypt#!5#!NQffa#!encrypt#!4#!N+0g#!encrypt#!5#!Nkypa#!encrypt#!1#!
#!encrypt#!4#!N%Ti#!encrypt#!7#!b8 zGh{#!encrypt#!5#!NQffN#!encrypt#!5#!NQffm#!encrypt#!4#!N+0g#!encrypt#!5#!Nkypm#!encrypt#!1#!
#!encrypt#!4#!N%Ti#!encrypt#!7#!b8 zGh{#!encrypt#!5#!NQffL#!encrypt#!5#!NQffN#!encrypt#!4#!N+0g#!encrypt#!5#!NkypN#!encrypt#!1#!
#!encrypt#!4#!N%Ti#!encrypt#!7#!b8 zGh{#!encrypt#!7#!Np[.$PM#!encrypt#!9#!Np[.Z2(yd#!encrypt#!1#!
#!encrypt#!4#!N%Ti#!encrypt#!8#!)xwzeo9Y#!encrypt#!5#!N{Ep(#!encrypt#!6#!N{<]2/#!encrypt#!1#!
#!encrypt#!4#!N%Ti#!encrypt#!8#!)xwzeo9Y#!encrypt#!5#!NoEp(#!encrypt#!6#!No<]2/#!encrypt#!1#!
#!encrypt#!73#!-T_Zn;^^D!LZY3<L&!d:LC&{ct:REUm#-T_Zn;^^D!LZY3<L&!d:LC&{ct:REUm#-T_Zn;^^
#!encrypt#!77#!~aH]8Vol]!T+2-wJHWD]{oHx:t/VMh1V,.Oiwp(%ZcbuI*;@_P_-#Y6U~ccb=[$rN{fp>;h$(UTI
#!encrypt#!1#!
#!encrypt#!55#!
%Tiw!Cy%xqTpC^3]n3E&oY$&At:_I*zP%KiOZ+@=9;QIE%.!^heUY
#!encrypt#!76#!~aH]8Vol]!T+`ywJHW<]{oHx:t/V,#14,f8iwp(%ZcbuI*;@_P_-#Y6y~\mVb gr>l40nC]Wz C
#!encrypt#!1#!
#!encrypt#!52#!
_*z5RH?g$9+hTb3<W#T/;7!&^mI>:6oQ%q1OwzogSA:6#%*9K1
#!encrypt#!55#!
%Tiw!Cy%xqTpC^3,n3E&oY$&At:_I*zP%KiOZ+@=9;QIE%.!^heUY
#!encrypt#!76#!~aH]8Vol]!T+`ywJHW<]{oHx:t/V,#14,foiwp(%ZcbuI*;@Oc_-#Y6y~\mVb gr>l40nC]Wz C
#!encrypt#!1#!
#!encrypt#!53#!
_*z5RH?gvT Zy~W`6)]v1n$%|$ZW4i. lT;3^o-txaJWYh Y*j\
#!encrypt#!25#!

M*OZn:P\Yp>E.s,p#tc"$#
#!encrypt#!4#!N%Ti#!encrypt#!7#!5Zn/{~(#!encrypt#!3#!NTT#!encrypt#!14#!)(>q64%AP.;lUR#!encrypt#!5#!ND4fO#!encrypt#!4#!NJg_#!encrypt#!1#!
#!encrypt#!73#!-T_Zn;^^D!LZY3<L&!d:LC&{ct:REUm#-T_Zn;^^D!LZY3<L&!d:LC&{ct:REUm#-T_Zn;^^
#!encrypt#!72#!N%Tip^?\=p?#I#'E9^#Yy:+xqRytTA>r-%:)w1YLg!8 5u@4x-d]?#7_#W$R>[)rS( inVK
#!encrypt#!76#!~aH]8Vol]!T+`ywJHW<]{oHx:t/V,[14,foiwp(%ZcbuI*;@O/_-#Y6y~\mVt[gr>l40nC]Wz C
#!encrypt#!1#!
#!encrypt#!25#!

M*OZn:P\Yp>E.s,p#t>"$#
#!encrypt#!4#!N%Ti#!encrypt#!11#!5ZnaG4_R1/,#!encrypt#!3#!NTT#!encrypt#!13#!)(>q64%A+\R(=#!encrypt#!8#!Np[.pP*\#!encrypt#!16#!Np[.T\C>mjMo}cUx#!encrypt#!1#!
#!encrypt#!73#!-T_Zn;^^D!LZY3<L&!d:LC&{ct:REUm#-T_Zn;^^D!LZY3<L&!d:LC&{ct:REUm#-T_Zn;^^
#!encrypt#!76#!N%Tip^?\=p?#I#'E9^#Yy:P {PWypr)r~r:inVYjgC"/I3x>4-{WO5&$VQ$ gug#N;!i5opgDxT
#!encrypt#!76#!~aH]8Vol]!T+`ywJHW<]{oHx:t/V,[14,Ebiwp(%ZcbuI*;@O/_-#Y-#~\mVb#gr>l40nC]Wz C
#!encrypt#!1#!
#!encrypt#!25#!

M*OZn:P\Yp>E.s,p#ta"$#
#!encrypt#!4#!N%Ti#!encrypt#!11#!?4ffq%G>l#)#!encrypt#!3#!NTT#!encrypt#!3#!68=#!encrypt#!5#!Nol]$#!encrypt#!12#!Np[.5o{fVp?##!encrypt#!1#!
#!encrypt#!73#!-T_Zn;^^D!LZY3<L&!d:LC&{ct:REUm#-T_Zn;^^D!LZY3<L&!d:LC&{ct:REUm#-T_Zn;^^
#!encrypt#!78#!N%Tip^?\=p?#I#'E9^#!h4n`=_1\KJ)r~r:inVYjgC"/I3xP4-{WO5&$6Q$ gug#NIt)w)QLg!844
#!encrypt#!76#!~aH]8Vol]!T+`ywJHW<]{oHx:t/V,[14,E8iwp(%ZcbuI*;@O/_-#Y-#~\mVb#gr>l40nC]Wz C
#!encrypt#!1#!
#!encrypt#!25#!

M*OZn:P\Yp>E.s,p#t "$#
#!encrypt#!4#!N%Ti#!encrypt#!9#!?4ffq%G>l#!encrypt#!3#!NTT#!encrypt#!3#!68=#!encrypt#!12#!Nol]$=?@=YMn#!encrypt#!5#!NPgfZ#!encrypt#!1#!
#!encrypt#!73#!-T_Zn;^^D!LZY3<L&!d:LC&{ct:REUm#-T_Zn;^^D!LZY3<L&!d:LC&{ct:REUm#-T_Zn;^^
#!encrypt#!76#!N%Tip^?\=p?#I#'E9^#!h4n`=_1\o4+'%%_iS$%'#>8ZI==3=5;]L50v0ER.>Ugpp|TaGJ%^gv5
#!encrypt#!76#!~aH]8Vol]!T+`ywJHW<]{oHx:t/V,[14,Eoiwp(%ZcbuI*;@O/_-#Y-#~\mVb#gr>l40nC]Wz C
#!encrypt#!1#!
#!encrypt#!25#!

M*OZn:P\Yp>E.s,p#t5"$#
#!encrypt#!4#!N%Ti#!encrypt#!13#!?4ffq|h )#Q#u#!encrypt#!3#!NTT#!encrypt#!3#!{t|#!encrypt#!10#!Nol]$=?@=Y#!encrypt#!6#!NoY_7?#!encrypt#!1#!
#!encrypt#!73#!-T_Zn;^^D!LZY3<L&!d:LC&{ct:REUm#-T_Zn;^^D!LZY3<L&!d:LC&{ct:REUm#-T_Zn;^^
#!encrypt#!80#!N%Tip^?\=p?#I#'E9^#!h4n`Vc|{K:*aP%=3SV^g#,8SHMxL`=N]uZ $c^mN>OnHNTTRa$%77>8ZI-m
#!encrypt#!76#!~aH]8Vol]!T+`-wJHW)]{oHx:t/V,#14,EAiwp(%ZcbuI*`@_g_->Y6~~5cVb gr>l40nC]Wz C
#!encrypt#!1#!
#!encrypt#!25#!

M*OZn:P\Yp>E.s,p#t$"$#
#!encrypt#!4#!N%Ti#!encrypt#!11#!>4ffq%G>l#)#!encrypt#!3#!NTT#!encrypt#!3#!68=#!encrypt#!5#!N{l]$#!encrypt#!12#!Np[.5o{fVp?##!encrypt#!1#!
#!encrypt#!73#!-T_Zn;^^D!LZY3<L&!d:LC&{ct:REUm#-T_Zn;^^D!LZY3<L&!d:LC&{ct:REUm#-T_Zn;^^
#!encrypt#!78#!N%Tip^?\=p?#I#'E9^#^h4n`=_1\KJ)r~r:inVYjgC"/I3xP4-{WO5&$6Q$ gug#NIt)w)QLg!844
#!encrypt#!76#!~aH]8Vol]!T+`ywJHW)]{oHx:t/V,[14,dKiwp(%ZcbuI*;@O/_-#Y0-~\SVb.gr>l40nC]Wz C
#!encrypt#!1#!
#!encrypt#!25#!

M*OZn:P\Yp>E.s,p#-?"$#
#!encrypt#!4#!N%Ti#!encrypt#!7#![kE*7^*#!encrypt#!3#!NTT#!encrypt#!3#!{t|#!encrypt#!5#!N{l]$#!encrypt#!5#!NJgf(#!encrypt#!1#!
#!encrypt#!73#!-T_Zn;^^D!LZY3<L&!d:LC&{ct:REUm#-T_Zn;^^D!LZY3<L&!d:LC&{ct:REUm#-T_Zn;^^
#!encrypt#!72#!N%Tip^?\=p?#I#'E9^#_);Gu2rytTA>r-%:)w1YLg!8 5u@4x-d]?#7_#W$R>[)rS( inVK
#!encrypt#!76#!~aH]8Vol]!T+`ywJHW)]{oHx:t/V,[14,d&iwp(%ZcbuI*;@O/_-#Y-#~\mVb#gr>l40nC]Wz C
#!encrypt#!1#!
#!encrypt#!25#!

M*OZn:P\Yp>E.s,p#-,"$#
#!encrypt#!4#!N%Ti#!encrypt#!11#!>4ffq%G>l#m#!encrypt#!3#!NTT#!encrypt#!3#!68=#!encrypt#!12#!N{l]$=?@=YMn#!encrypt#!8#!NJgf(?(:#!encrypt#!1#!
#!encrypt#!73#!-T_Zn;^^D!LZY3<L&!d:LC&{ct:REUm#-T_Zn;^^D!LZY3<L&!d:LC&{ct:REUm#-T_Zn;^^
#!encrypt#!78#!N%Tip^?\=p?#I#'E9^#^h4n`=_1\KE)r~r:inVYjgC"/I3xP4-{WO5&$6Q$ gug#NIt)w)QLg!844
#!encrypt#!76#!~aH]8Vol]!T+`ywJHW)]{oHx:t/V,[14,dtiwp(%ZcbuI*;@O/_-#Y-#~\mVb#gr>l40nC]Wz C
#!encrypt#!1#!
#!encrypt#!25#!

M*OZn:P\Yp>E.s,p#-p"$#
#!encrypt#!4#!N%Ti#!encrypt#!9#!>4ffq%G>l#!encrypt#!3#!NTT#!encrypt#!3#!68=#!encrypt#!12#!N{l]$=?@=YMD#!encrypt#!5#!NPgfZ#!encrypt#!1#!
#!encrypt#!73#!-T_Zn;^^D!LZY3<L&!d:LC&{ct:REUm#-T_Zn;^^D!LZY3<L&!d:LC&{ct:REUm#-T_Zn;^^
#!encrypt#!76#!N%Tip^?\=p?#I#'E9^#^h4n`=_1\o4+'%%_iS$%'#>8ZI==3=5;]L50v0ER.>Ugpp|TaGJ%^gv5
#!encrypt#!76#!~aH]8Vol]!T+`ywJHW)]{oHx:t/V,[14,d8iwp(%ZcbuI*;@O/_-#Y-#~\mVb#gr>l40nC]Wz C
#!encrypt#!1#!
#!encrypt#!25#!

M*OZn:P\Yp>E.s,p#-#"$#
#!encrypt#!4#!N%Ti#!encrypt#!13#!>4ffq|h )#Q#u#!encrypt#!3#!NTT#!encrypt#!3#!{t|#!encrypt#!10#!N{l]$=?@=Y#!encrypt#!6#!N{Y_7?#!encrypt#!1#!
#!encrypt#!73#!-T_Zn;^^D!LZY3<L&!d:LC&{ct:REUm#-T_Zn;^^D!LZY3<L&!d:LC&{ct:REUm#-T_Zn;^^
#!encrypt#!80#!N%Tip^?\=p?#I#'E9^#^h4n`Vc|{K:*aP%=3SV^g#,8SHMxL`=N]uZ $c^mN>OnHNTTRa$%77>8ZI-m
#!encrypt#!76#!~aH]8Vol]!T+`-wJHW?]{oHx:t/V,#14,doiwp(%ZcbuI*`@_g_->Y6~~5cVb gr>l40nC]Wz C
#!encrypt#!1#!
#!encrypt#!25#!

M*OZn:P\Yp>E.s,p#-c"$#
#!encrypt#!4#!N%Ti#!encrypt#!7#! kE*7^*#!encrypt#!3#!NTT#!encrypt#!3#!{t|#!encrypt#!12#!N{l]$=?@=YMD#!encrypt#!5#!NPgfZ#!encrypt#!1#!
#!encrypt#!73#!-T_Zn;^^D!LZY3<L&!d:LC&{ct:REUm#-T_Zn;^^D!LZY3<L&!d:LC&{ct:REUm#-T_Zn;^^
#!encrypt#!72#!N%Tip^?\=p?#I#'E9^#");Gu2rytTA>r-%:)w1YLg!8 5u@4x-d]?#7_#W$R>[)rS( inVK
#!encrypt#!76#!~aH]8Vol]!T+`ywJHW?]{oHx:t/V,[14,dAiwp(%ZcbuI*;@O/_-#Y0-~\SVb.gr>l40nC]Wz C
#!encrypt#!1#!
#!encrypt#!25#!

M*OZn:P\Yp>E.s,p#->"$#
#!encrypt#!4#!N%Ti#!encrypt#!16#! kE*7^*f(vVgGE%l#!encrypt#!3#!NTT#!encrypt#!3#!{t|#!encrypt#!8#!NPgf(?(:#!encrypt#!6#!N{Y_7?#!encrypt#!1#!
#!encrypt#!73#!-T_Zn;^^D!LZY3<L&!d:LC&{ct:REUm#-T_Zn;^^D!LZY3<L&!d:LC&{ct:REUm#-T_Zn;^^
#!encrypt#!81#!N%Tip^?\=p?#I#'E9^#");Gu2rgbM|@"hlq)w4 sg!835uW4x-d]?#7)oW$R>[)r5( inVKjg?+/I3x>
#!encrypt#!76#!~aH]8Vol]!T+`ywJHW?]{oHx:t/V,[14,GKiwp(%ZcbuI*;@O/_-#Y-#~\mVb#gr>l40nC]Wz C
#!encrypt#!1#!
#!encrypt#!25#!

M*OZn:P\Yp>E.s,p#-a"$#
#!encrypt#!4#!N%Ti#!encrypt#!7#! kE#7^*#!encrypt#!3#!NTT#!encrypt#!3#!{t|#!encrypt#!12#!Nol]$=?@=YMn#!encrypt#!5#!NPgfZ#!encrypt#!1#!
#!encrypt#!73#!-T_Zn;^^D!LZY3<L&!d:LC&{ct:REUm#-T_Zn;^^D!LZY3<L&!d:LC&{ct:REUm#-T_Zn;^^
#!encrypt#!72#!N%Tip^?\=p?#I#'E9^#");2u2rytTA>r-%:)w1YLg!8 5u@4x-d]?#7_#W$R>[)rS( inVK
#!encrypt#!76#!~aH]8Vol]!T+`ywJHW?]{oHx:t/V,[14,Gtiwp(%ZcbuI*;@O/_-#Y-#~\mVb#gr>l40nC]Wz C
#!encrypt#!1#!
#!encrypt#!25#!

M*OZn:P\Yp>E.s,p#- "$#
#!encrypt#!4#!N%Ti#!encrypt#!16#! kE#7^*f(vVgGE%l#!encrypt#!3#!NTT#!encrypt#!3#!{t|#!encrypt#!8#!NPgfZ?(:#!encrypt#!6#!NoY_7?#!encrypt#!1#!
#!encrypt#!73#!-T_Zn;^^D!LZY3<L&!d:LC&{ct:REUm#-T_Zn;^^D!LZY3<L&!d:LC&{ct:REUm#-T_Zn;^^
#!encrypt#!81#!N%Tip^?\=p?#I#'E9^#");2u2rgbM|@"hlq)w4 sg!835uW4x-d]?#7)oW$R>[)r5( inVKjg?+/I3x>
#!encrypt#!76#!~aH]8Vol]!T+`ywJHW?]{oHx:t/V,[14,Gbiwp(%ZcbuI*;@O/_-#Y-#~\mVb#gr>l40nC]Wz C
#!encrypt#!1#!
#!encrypt#!25#!

M*OZn:P\Yp>E.s,p#-5"$#
#!encrypt#!4#!N%Ti#!encrypt#!16#![kE*7^*f(vVgGE%l#!encrypt#!3#!NTT#!encrypt#!3#!{t|#!encrypt#!8#!NJgf(?(:#!encrypt#!6#!N{Y_7?#!encrypt#!1#!
#!encrypt#!73#!-T_Zn;^^D!LZY3<L&!d:LC&{ct:REUm#-T_Zn;^^D!LZY3<L&!d:LC&{ct:REUm#-T_Zn;^^
#!encrypt#!81#!N%Tip^?\=p?#I#'E9^#_);Gu2rgbM|@"hlq)w4 sg!835uW4x-d]?#7)oW$R>[)r5( inVKjg?+/I3x>
#!encrypt#!76#!~aH]8Vol]!T+`ywJHW?]{oHx:t/V,[14,GIiwp(%ZcbuI*;@O/_-#Y-#~\mVb#gr>l40nC]Wz C
#!encrypt#!1#!
#!encrypt#!25#!

M*OZn:P\Yp>E.s,p#-$"$#
#!encrypt#!4#!N%Ti#!encrypt#!8#!5Zn#(\6e#!encrypt#!3#!NTT#!encrypt#!3#!{t|#!encrypt#!12#!Np[.5o{fVp?##!encrypt#!5#!NoJP&#!encrypt#!1#!
#!encrypt#!73#!-T_Zn;^^D!LZY3<L&!d:LC&{ct:REUm#-T_Zn;^^D!LZY3<L&!d:LC&{ct:REUm#-T_Zn;^^
#!encrypt#!73#!N%Tip^?\=p?#I#'E9^#Yy:26%%MN>Ct:NTT!WVIs9xLp`Hxbe1#:{7N$FL0tE4YAN-}zw;%W
#!encrypt#!76#!~aH]8Vol]!T+`ywJHW?]{oHx:t/V,[14,Guiwp(%ZcbuI*;@O/_-#Y-#~\mVb#gr>l40nC]Wz C
#!encrypt#!1#!
#!encrypt#!25#!

M*OZn:P\Yp>E.s,p#l?"$#
#!encrypt#!4#!N%Ti#!encrypt#!15#!5Zn#pP*\U_,h>53#!encrypt#!3#!NTT#!encrypt#!11#!@qFqq.QH7%1#!encrypt#!9#!Np[.Z"Gyk#!encrypt#!16#!Np[.T\C>mjMo}cUx#!encrypt#!17#!N+qkK%o#xjYeGaXAt#!encrypt#!1#!
#!encrypt#!73#!-T_Zn;^^D!LZY3<L&!d:LC&{ct:REUm#-T_Zn;^^D!LZY3<L&!d:LC&{ct:REUm#-T_Zn;^^
#!encrypt#!80#!N%Tip^?\=p?#I#'E9^#Yy:24Gr+2rr O7J!iDOYgDx+[I?gr`!#ub5Pn@^:t,qgl@tTZw|;g@AgpYu~
#!encrypt#!76#!~aH]8Vol]!T+`ywJHW?]{oHx:t/V,[14,GAiwp(%ZcbuI*;@O/_-#Y-#~\mVb#gr>l40nC]Wz C
#!encrypt#!1#!
#!encrypt#!25#!

M*OZn:P\Yp>E.s,p#l,"$#
#!encrypt#!4#!N%Ti#!encrypt#!14#!5Zn#pP*\U8VFGc#!encrypt#!3#!NTT#!encrypt#!4#!2t=q#!encrypt#!16#!Np[.Z,n:%#=#Xn#7#!encrypt#!2#!N+#!encrypt#!12#! #`]w|'}g pa#!encrypt#!15#!N+M\$"C:gc,dEaX#!encrypt#!1#!
#!encrypt#!4#!N%Ti#!encrypt#!14#!5Zn#pP*\UTV Gc#!encrypt#!3#!NTT#!encrypt#!4#!2t=q#!encrypt#!16#!Np[.Z,n:%#=#Xn#7#!encrypt#!2#!N+#!encrypt#!11#! #`]w|'UgvC#!encrypt#!15#!N+M\$"C:gc,dEaX#!encrypt#!1#!
#!encrypt#!73#!-T_Zn;^^D!LZY3<L&!d:LC&{ct:REUm#-T_Zn;^^D!LZY3<L&!d:LC&{ct:REUm#-T_Zn;^^
#!encrypt#!79#!N%Tip^?\=p?#I#'E9^#Yy:24Gr+2V|q"o|T9ci%^g4>p|vY3&-Dr{sq'0t$bo4Cg6%_ir$%77>8ZIy
#!encrypt#!79#!N%Tip^?\=p?#I#'E9^#Yy:24Gr+2b|Y"o|T9ci%^g4>p|vY3&-Dr{sq'0t$bo4Cg6%_ir$%77>8ZIy
#!encrypt#!76#!~aH]8Vol]!T+`ywJHW?]{oHx:t/V,[14,Y&iwp(%ZcbuI*;@O/_-#Y-#~\mVb#gr>l40nC]Wz C
#!encrypt#!1#!
#!encrypt#!25#!

M*OZn:P\Yp>E.s,p#lp"$#
#!encrypt#!4#!N%Ti#!encrypt#!12#!5Zn#pP*\U8VF#!encrypt#!3#!NTT#!encrypt#!3#!{t|#!encrypt#!15#!Np[.Z,n:%#Pm/`'#!encrypt#!5#!NPgfZ#!encrypt#!1#!
#!encrypt#!73#!-T_Zn;^^D!LZY3<L&!d:LC&{ct:REUm#-T_Zn;^^D!LZY3<L&!d:LC&{ct:REUm#-T_Zn;^^
#!encrypt#!77#!N%Tip^?\=p?#I#'E9^#Yy:24Gr+2V|qANFx!w;%sOxo3+u<3j&#S8P7{0Syt Qdr-%K)w)QLg!8 
#!encrypt#!76#!~aH]8Vol]!T+`ywJHW|]{oHx:t/V,[14,YOiwp(%ZcbuI*;@O/_-#Y-#~\mVb#gr>l40nC]Wz C
#!encrypt#!1#!
#!encrypt#!25#!

M*OZn:P\Yp>E.s,p#l#"$#
#!encrypt#!4#!N%Ti#!encrypt#!12#!5Zn#pP*\UTV #!encrypt#!3#!NTT#!encrypt#!3#!{t|#!encrypt#!15#!Np[.Z,n:%#Cm``'#!encrypt#!5#!NPgfZ#!encrypt#!1#!
#!encrypt#!73#!-T_Zn;^^D!LZY3<L&!d:LC&{ct:REUm#-T_Zn;^^D!LZY3<L&!d:LC&{ct:REUm#-T_Zn;^^
#!encrypt#!77#!N%Tip^?\=p?#I#'E9^#Yy:24Gr+2b|YANFx!w;%sOxo3+u<3j&#S8P7{0Syt Qdr-%K)w)QLg!8 
#!encrypt#!76#!~aH]8Vol]!T+`ywJHW|]{oHx:t/V,[14,YIiwp(%ZcbuI*;@O/_-#Y-#~\mVb#gr>l40nC]Wz C
#!encrypt#!1#!
#!encrypt#!25#!

M*OZn:P\Yp>E.s,p#lc"$#
#!encrypt#!4#!N%Ti#!encrypt#!15#!5Zn/{~(fW<s P`'#!encrypt#!3#!NTT#!encrypt#!3#!68=#!encrypt#!12#!Np[.5o{fVp?##!encrypt#!13#!Np[.Z,n:%#Cm`#!encrypt#!1#!
#!encrypt#!73#!-T_Zn;^^D!LZY3<L&!d:LC&{ct:REUm#-T_Zn;^^D!LZY3<L&!d:LC&{ct:REUm#-T_Zn;^^
#!encrypt#!80#!N%Tip^?\=p?#I#'E9^#Yy:+xqRgkd#Y_uO!iDOYgDx"[I?gr`!#ub5Pn@^:t,qgl@tTZw|;g@AgpYu~
#!encrypt#!76#!~aH]8Vol]!T+`ywJHW|]{oHx:t/V,[14,Yuiwp(%ZcbuI*;@O/_-#Y-#~\mVb#gr>l40nC]Wz C
#!encrypt#!1#!
#!encrypt#!25#!

M*OZn:P\Yp>E.s,p#l>"$#
#!encrypt#!4#!N%Ti#!encrypt#!15#!5Zn/{~(fW<s P`&#!encrypt#!3#!NTT#!encrypt#!3#!68=#!encrypt#!16#!Np[.pP*\UTV4`|Km#!encrypt#!13#!Np[.Z,n:%#Pm/#!encrypt#!1#!
#!encrypt#!73#!-T_Zn;^^D!LZY3<L&!d:LC&{ct:REUm#-T_Zn;^^D!LZY3<L&!d:LC&{ct:REUm#-T_Zn;^^
#!encrypt#!80#!N%Tip^?\=p?#I#'E9^#Yy:+xqRgkd#Y_u}!iDOYgDx"[I?gr`!#ub5Pn@^:t,qgl@tTZw|;g@AgpYu~
#!encrypt#!76#!~aH]8Vol]!T+`ywJHW|]{oHx:t/V,[14,YAiwp(%ZcbuI*;@O/_-#Y-#~\mVb#gr>l40nC]Wz C
#!encrypt#!1#!
#!encrypt#!25#!

M*OZn:P\Yp>E.s,p#la"$#
#!encrypt#!4#!N%Ti#!encrypt#!14#!5Zn#pP*\UTV4`|#!encrypt#!3#!NTT#!encrypt#!3#!{t|#!encrypt#!16#!Np[.pP*\UTV4`|Kw#!encrypt#!5#!NoJP&#!encrypt#!1#!
#!encrypt#!73#!-T_Zn;^^D!LZY3<L&!d:LC&{ct:REUm#-T_Zn;^^D!LZY3<L&!d:LC&{ct:REUm#-T_Zn;^^
#!encrypt#!79#!N%Tip^?\=p?#I#'E9^#Yy:24Gr+2b|kcW|T9ci%^g4>p|vY3&-Dr{sq'0t$bo4Cg6%_ir$%77>8ZIy
#!encrypt#!76#!~aH]8Vol]!T+`ywJHW|]{oHx:t/V,[14,.Kiwp(%ZcbuI*;@O/_-#Y-#~\mVb#gr>l40nC]Wz C
#!encrypt#!1#!
#!encrypt#!25#!

M*OZn:P\Yp>E.s,p#l "$#
#!encrypt#!4#!N%Ti#!encrypt#!14#!5Zn*pP*\UTV4`|#!encrypt#!3#!NTT#!encrypt#!3#!{t|#!encrypt#!16#!Np[.pP*\UTV4`|Kw#!encrypt#!5#!N{JP&#!encrypt#!1#!
#!encrypt#!73#!-T_Zn;^^D!LZY3<L&!d:LC&{ct:REUm#-T_Zn;^^D!LZY3<L&!d:LC&{ct:REUm#-T_Zn;^^
#!encrypt#!79#!N%Tip^?\=p?#I#'E9^#Yy:G4Gr+2b|kcW|T9ci%^g4>p|vY3&-Dr{sq'0t$bo4Cg6%_ir$%77>8ZIy
#!encrypt#!76#!~aH]8Vol]!T+`ywJHW|]{oHx:t/V,[14,.tiwp(%ZcbuI*;@O/_-#Y-#~\mVb#gr>l40nC]Wz C
#!encrypt#!1#!
#!encrypt#!25#!

M*OZn:P\Yp>E.s,p#l5"$#
#!encrypt#!4#!N%Ti#!encrypt#!6#!t([J6o#!encrypt#!2#!N1#!encrypt#!1#!A#!encrypt#!15#!N3fIq,(5%cG(GAR#!encrypt#!1#!/#!encrypt#!9#!NQffB=+\t#!encrypt#!5#!NQffB#!encrypt#!1#!A#!encrypt#!2#!N@#!encrypt#!1#!/#!encrypt#!5#!NQffB#!encrypt#!1#!A#!encrypt#!2#!Nt#!encrypt#!1#!/#!encrypt#!1#!
#!encrypt#!4#!N%Ti#!encrypt#!6#!t([J6o#!encrypt#!2#!N1#!encrypt#!1#!A#!encrypt#!15#!N3fIq,(5%cG(GAm#!encrypt#!1#!/#!encrypt#!9#!NQffa=+\t#!encrypt#!5#!NQffa#!encrypt#!1#!A#!encrypt#!2#!N@#!encrypt#!1#!/#!encrypt#!5#!NQffa#!encrypt#!1#!A#!encrypt#!2#!Nt#!encrypt#!1#!/#!encrypt#!1#!
#!encrypt#!4#!N%Ti#!encrypt#!6#!t([J6o#!encrypt#!2#!N1#!encrypt#!1#!A#!encrypt#!15#!N3fIq,(5%cG(GA;#!encrypt#!1#!/#!encrypt#!9#!NQffm=+\t#!encrypt#!5#!NQffm#!encrypt#!1#!A#!encrypt#!2#!N@#!encrypt#!1#!/#!encrypt#!5#!NQffm#!encrypt#!1#!A#!encrypt#!2#!Nt#!encrypt#!1#!/#!encrypt#!1#!
#!encrypt#!4#!N%Ti#!encrypt#!6#!t([J6o#!encrypt#!2#!N1#!encrypt#!1#!A#!encrypt#!15#!N3fIq,(5%cG(GA$#!encrypt#!1#!/#!encrypt#!9#!NQffN=+\t#!encrypt#!5#!NQffN#!encrypt#!1#!A#!encrypt#!2#!N@#!encrypt#!1#!/#!encrypt#!5#!NQffN#!encrypt#!1#!A#!encrypt#!2#!Nt#!encrypt#!1#!/#!encrypt#!1#!
#!encrypt#!4#!N%Ti#!encrypt#!6#!t([J6o#!encrypt#!2#!N1#!encrypt#!1#!A#!encrypt#!15#!N3fIq,(5%cG(GA`#!encrypt#!1#!/#!encrypt#!9#!NQffL=+\t#!encrypt#!5#!NQffL#!encrypt#!1#!A#!encrypt#!2#!N@#!encrypt#!1#!/#!encrypt#!5#!NQffL#!encrypt#!1#!A#!encrypt#!2#!Nt#!encrypt#!1#!/#!encrypt#!1#!
#!encrypt#!4#!N%Ti#!encrypt#!6#!t([J6o#!encrypt#!2#!N1#!encrypt#!1#!A#!encrypt#!15#!N1}mqbQL7'JHGMq#!encrypt#!1#!/#!encrypt#!9#!N)y+7=+\t#!encrypt#!8#!Noh.$^+%#!encrypt#!1#!A#!encrypt#!2#!N@#!encrypt#!1#!/#!encrypt#!8#!Noh.$^+%#!encrypt#!1#!A#!encrypt#!2#!Nt#!encrypt#!1#!/#!encrypt#!1#!
#!encrypt#!4#!N%Ti#!encrypt#!6#!t([J6o#!encrypt#!2#!N1#!encrypt#!1#!A#!encrypt#!15#!N1}mqbQL7'JHGvq#!encrypt#!1#!/#!encrypt#!9#!N)y+7=+\t#!encrypt#!8#!N{h.$^+%#!encrypt#!1#!A#!encrypt#!2#!N@#!encrypt#!1#!/#!encrypt#!8#!N{h.$^+%#!encrypt#!1#!A#!encrypt#!2#!Nt#!encrypt#!1#!/#!encrypt#!1#!
#!encrypt#!4#!N%Ti#!encrypt#!6#!t([J6o#!encrypt#!3#!N~ #!encrypt#!1#!A#!encrypt#!10#!Nol]$=K]5^#!encrypt#!1#!/#!encrypt#!14#!Nol]$=K]5^M|pC#!encrypt#!5#!Nol]$#!encrypt#!1#!A#!encrypt#!2#!N&#!encrypt#!1#!/#!encrypt#!13#!NoGkVZo\}c)lX#!encrypt#!1#!A#!encrypt#!2#!NV#!encrypt#!1#!/#!encrypt#!13#!NoGkVZo\}c)lX#!encrypt#!1#!A#!encrypt#!2#!Nq#!encrypt#!1#!/#!encrypt#!6#!N{<]2/#!encrypt#!1#!A#!encrypt#!2#!Nj#!encrypt#!1#!/#!encrypt#!1#!
#!encrypt#!4#!N%Ti#!encrypt#!6#!t([J6o#!encrypt#!3#!N~:#!encrypt#!1#!A#!encrypt#!10#!N{l]$=K]5^#!encrypt#!1#!/#!encrypt#!14#!N{l]$=K]5^M|pC#!encrypt#!5#!N{l]$#!encrypt#!1#!A#!encrypt#!2#!N&#!encrypt#!1#!/#!encrypt#!13#!N{GkVZo\}c)lX#!encrypt#!1#!A#!encrypt#!2#!NV#!encrypt#!1#!/#!encrypt#!13#!N{GkVZo\}c)lX#!encrypt#!1#!A#!encrypt#!2#!Nq#!encrypt#!1#!/#!encrypt#!6#!No<]2/#!encrypt#!1#!A#!encrypt#!2#!Nj#!encrypt#!1#!/#!encrypt#!1#!
#!encrypt#!4#!N%Ti#!encrypt#!6#!t([J6o#!encrypt#!3#!N~:#!encrypt#!1#!A#!encrypt#!14#!N{l]$=K]5^M1P5#!encrypt#!1#!/#!encrypt#!17#!NPgf(?(:U smx`d n#!encrypt#!8#!NPgf(?(:#!encrypt#!1#!A#!encrypt#!2#!N&#!encrypt#!1#!/#!encrypt#!13#!N{GkVZo\}c)lX#!encrypt#!1#!A#!encrypt#!2#!NV#!encrypt#!1#!/#!encrypt#!13#!N{GkVZo\}c)lX#!encrypt#!1#!A#!encrypt#!2#!Nq#!encrypt#!1#!/#!encrypt#!6#!No<]2/#!encrypt#!1#!A#!encrypt#!2#!Nj#!encrypt#!1#!/#!encrypt#!1#!
#!encrypt#!4#!N%Ti#!encrypt#!6#!t([J6o#!encrypt#!3#!N~ #!encrypt#!1#!A#!encrypt#!14#!Nol]$=K]5^M1P5#!encrypt#!1#!/#!encrypt#!17#!NPgfZ?(:U smx`d n#!encrypt#!8#!NPgfZ?(:#!encrypt#!1#!A#!encrypt#!2#!N&#!encrypt#!1#!/#!encrypt#!13#!NoGkVZo\}c)lX#!encrypt#!1#!A#!encrypt#!2#!NV#!encrypt#!1#!/#!encrypt#!13#!NoGkVZo\}c)lX#!encrypt#!1#!A#!encrypt#!2#!Nq#!encrypt#!1#!/#!encrypt#!6#!N{<]2/#!encrypt#!1#!A#!encrypt#!2#!Nj#!encrypt#!1#!/#!encrypt#!1#!
#!encrypt#!4#!N%Ti#!encrypt#!6#!t([J6o#!encrypt#!3#!N~:#!encrypt#!1#!A#!encrypt#!14#!N{l]$=K]5^MTP5#!encrypt#!1#!/#!encrypt#!17#!NJgf(?(:U smx`d n#!encrypt#!8#!NJgf(?(:#!encrypt#!1#!A#!encrypt#!2#!N&#!encrypt#!1#!/#!encrypt#!13#!N{GkVZo\}c)lX#!encrypt#!1#!A#!encrypt#!2#!NV#!encrypt#!1#!/#!encrypt#!13#!N{GkVZo\}c)lX#!encrypt#!1#!A#!encrypt#!2#!Nq#!encrypt#!1#!/#!encrypt#!6#!No<]2/#!encrypt#!1#!A#!encrypt#!2#!Nj#!encrypt#!1#!/#!encrypt#!1#!
#!encrypt#!4#!N%Ti#!encrypt#!6#!t([J6o#!encrypt#!3#!N~ #!encrypt#!1#!A#!encrypt#!14#!Nol]$=Kw58MhP5#!encrypt#!1#!/#!encrypt#!13#!Np[.Z,n:%#Pm/#!encrypt#!12#!Np[.5o{fVp?##!encrypt#!1#!A#!encrypt#!2#!N&#!encrypt#!1#!/#!encrypt#!16#!Np[.T\C>mjMo}cUx#!encrypt#!1#!A#!encrypt#!2#!NV#!encrypt#!1#!/#!encrypt#!16#!Np[.T\C>mjMo}cUx#!encrypt#!1#!A#!encrypt#!2#!Nq#!encrypt#!1#!/#!encrypt#!6#!N{<]2/#!encrypt#!1#!A#!encrypt#!2#!Nj#!encrypt#!1#!/#!encrypt#!1#!
#!encrypt#!4#!N%Ti#!encrypt#!6#!t([J6o#!encrypt#!3#!N~ #!encrypt#!1#!A#!encrypt#!14#!Nol]$=K}5 MhP5#!encrypt#!1#!/#!encrypt#!13#!Np[.Z,n:%#Cm`#!encrypt#!12#!Np[.5o{fVp?##!encrypt#!1#!A#!encrypt#!2#!N&#!encrypt#!1#!/#!encrypt#!16#!Np[.T\C>mjMo}cUx#!encrypt#!1#!A#!encrypt#!2#!NV#!encrypt#!1#!/#!encrypt#!16#!Np[.T\C>mjMo}cUx#!encrypt#!1#!A#!encrypt#!2#!Nq#!encrypt#!1#!/#!encrypt#!6#!N{<]2/#!encrypt#!1#!A#!encrypt#!2#!Nj#!encrypt#!1#!/#!encrypt#!1#!
#!encrypt#!4#!N%Ti#!encrypt#!6#!t([J6o#!encrypt#!3#!N~ #!encrypt#!1#!A#!encrypt#!15#!Nol]$=y}5 `4`|`#!encrypt#!1#!/#!encrypt#!15#!Np[.Z,n:%#Cm2yy#!encrypt#!12#!Np[.5o{fVp?##!encrypt#!1#!A#!encrypt#!2#!N&#!encrypt#!1#!/#!encrypt#!16#!Np[.T\C>mjMo}cUx#!encrypt#!1#!A#!encrypt#!2#!NV#!encrypt#!1#!/#!encrypt#!16#!Np[.T\C>mjMo}cUx#!encrypt#!1#!A#!encrypt#!2#!Nq#!encrypt#!1#!/#!encrypt#!6#!N{<]2/#!encrypt#!1#!A#!encrypt#!2#!Nj#!encrypt#!1#!/#!encrypt#!1#!
#!encrypt#!4#!N%Ti#!encrypt#!6#!t([J6o#!encrypt#!3#!N~:#!encrypt#!1#!A#!encrypt#!15#!N{l]$=y}5 `4`|`#!encrypt#!1#!/#!encrypt#!15#!Np[.(,n:%#Cm2yy#!encrypt#!12#!Np[.5o{fVp?##!encrypt#!1#!A#!encrypt#!2#!N&#!encrypt#!1#!/#!encrypt#!16#!Np[.T\C>mjMo}cUx#!encrypt#!1#!A#!encrypt#!2#!NV#!encrypt#!1#!/#!encrypt#!16#!Np[.T\C>mjMo}cUx#!encrypt#!1#!A#!encrypt#!2#!Nq#!encrypt#!1#!/#!encrypt#!6#!No<]2/#!encrypt#!1#!A#!encrypt#!2#!Nj#!encrypt#!1#!/#!encrypt#!1#!
#!encrypt#!73#!-T_Zn;^^D!LZY3<L&!d:LC&{ct:REUm#-T_Zn;^^D!LZY3<L&!d:LC&{ct:REUm#-T_Zn;^^
#!encrypt#!26#!

|qXD9!g'+Hf'YMIqoc{Yo*0
#!encrypt#!20#!m3yfOVs!nEqq:uV@H-

#!encrypt#!79#!N%Ti2P[\=xMqH$T4?Wy+#k6$=_qtvr ?hOE]<$%@yjQn9<.x`XM]U*2xZATyr<XrL{E_&K"\xxA.99
#!encrypt#!79#!N%Ti2P[\=xMqH$T4?Wy+#ks$=_qtvr ?hOE]<$%@yjQn9<.x`XM]U*2xZATyr<XrL{E_&K"\xxA.99
#!encrypt#!79#!N%Ti2P[\=xMqH$T4?Wy+#'k$=_qtvr ?hOE]<$%@yjQn9<.x`XM]U*2xZATyr<XrL{E_&K"\xxA.99
#!encrypt#!79#!N%Ti2P[\=xMqH$T4?Wy+#<0$=_qtvr ?hOE]<$%@yjQn9<.x`XM]U*2xZATyr<XrL{E_&K"\xxA.99
#!encrypt#!79#!N%Ti2P[\=xMqH$T4?Wy+#<-$=_qtvr ?hOE]<$%@yjQn9<.x`XM]U*2xZATyr<XrL{E_&K"\xxA.99
#!encrypt#!79#!N%Ti2P[\=xMqH$T4?Wy+#<$$=_qtvr ?hOE]<$%@yjQn9<.x`XM]U*2xZATyr<XrL{E_&K"\xxA.99
#!encrypt#!79#!N%Ti2P[\=xMqH$T4?Wy+#<U$=_qtvr ?hOE]<$%@yjQn9<.x`XM]U*2xZATyr<XrL{E_&K"\xxA.99
#!encrypt#!77#!~aH]8Vol]!T+`iwJHWB]{oHx:t/V, 14,wbiwp(%ZcbuIT;@_/_1#Y6M~cl$=.YrN{fp>;h$(UTI
#!encrypt#!1#!
