sh: _module_raw: line 1: syntax error: unexpected end of file
sh: error importing function definition for `_module_raw'
sh: ml: line 1: syntax error: unexpected end of file
sh: error importing function definition for `ml'
sh: module: line 1: syntax error: unexpected end of file
sh: error importing function definition for `module'
sh: switchml: line 1: syntax error: unexpected end of file
sh: error importing function definition for `switchml'
sh: which: line 1: syntax error: unexpected end of file
sh: error importing function definition for `which'
Running: /l/cadence/installs/PEGASUS213/tools.lnx86/Pegasus/bin/64bit/pegasusvirt \
  -isPegasus \
  -mode drc \
  -global_log_file /nfs/nfs2/home/ncm1/IC_CAD/alu4/cad/drc/pegasusuidrc.log \
  -control /nfs/nfs2/home/ncm1/IC_CAD/alu4/cad/drc/pegasusdrcctl \
  -cell_tree /nfs/nfs2/home/ncm1/IC_CAD/alu4/cad/drc/cell_tree.txt \
  -layLibName std_cells \
  -layCellName xor2 \
  -layViewName layout \
  -igds /nfs/nfs2/home/ncm1/IC_CAD/alu4/cad/drc/xor2.gds.gz \
  -layScale 0.001 \
  -layTechLib sky130_fd_pr_main \
  -convertPin geometry \
  -replaceBusBitChar nil \
  -noConvertHalfWidthPath nil \
  -layHierDepth 32 \
  -layMaxVertices 2048 \
  -rulesFile /l/sky130_release_0.0.1/Sky130_DRC/sky130_rev_0.0_1.0.drc.pvl \
  -dp 8 \
  -df2_version 6.1.8.0 \
  -sign IPVS_1712284457_3030547 \
  -run_dir /nfs/nfs2/home/ncm1/IC_CAD/alu4/cad/drc \
  -no_rules_check



sh: _module_raw: line 1: syntax error: unexpected end of file
sh: error importing function definition for `_module_raw'
sh: ml: line 1: syntax error: unexpected end of file
sh: error importing function definition for `ml'
sh: module: line 1: syntax error: unexpected end of file
sh: error importing function definition for `module'
sh: switchml: line 1: syntax error: unexpected end of file
sh: error importing function definition for `switchml'
sh: which: line 1: syntax error: unexpected end of file
sh: error importing function definition for `which'
/bin/sh: switchml: line 1: syntax error: unexpected end of file
/bin/sh: error importing function definition for `switchml'
/bin/sh: which: line 1: syntax error: unexpected end of file
/bin/sh: error importing function definition for `which'
/bin/sh: ml: line 1: syntax error: unexpected end of file
/bin/sh: error importing function definition for `ml'
/bin/sh: _module_raw: line 1: syntax error: unexpected end of file
/bin/sh: error importing function definition for `_module_raw'
/bin/sh: module: line 1: syntax error: unexpected end of file
/bin/sh: error importing function definition for `module'
sh: switchml: line 1: syntax error: unexpected end of file
sh: error importing function definition for `switchml'
sh: which: line 1: syntax error: unexpected end of file
sh: error importing function definition for `which'
sh: ml: line 1: syntax error: unexpected end of file
sh: error importing function definition for `ml'
sh: _module_raw: line 1: syntax error: unexpected end of file
sh: error importing function definition for `_module_raw'
sh: module: line 1: syntax error: unexpected end of file
sh: error importing function definition for `module'
Virtuoso Framework License (111) was checked out successfully. Total checkout time was 0.04s.
sh: switchml: line 1: syntax error: unexpected end of file
sh: error importing function definition for `switchml'
sh: which: line 1: syntax error: unexpected end of file
sh: error importing function definition for `which'
sh: ml: line 1: syntax error: unexpected end of file
sh: error importing function definition for `ml'
sh: _module_raw: line 1: syntax error: unexpected end of file
sh: error importing function definition for `_module_raw'
sh: module: line 1: syntax error: unexpected end of file
sh: error importing function definition for `module'
sh: switchml: line 1: syntax error: unexpected end of file
sh: error importing function definition for `switchml'
sh: which: line 1: syntax error: unexpected end of file
sh: error importing function definition for `which'
sh: ml: line 1: syntax error: unexpected end of file
sh: error importing function definition for `ml'
sh: _module_raw: line 1: syntax error: unexpected end of file
sh: error importing function definition for `_module_raw'
sh: module: line 1: syntax error: unexpected end of file
sh: error importing function definition for `module'
sh: switchml: line 1: syntax error: unexpected end of file
sh: error importing function definition for `switchml'
sh: which: line 1: syntax error: unexpected end of file
sh: error importing function definition for `which'
sh: ml: line 1: syntax error: unexpected end of file
sh: error importing function definition for `ml'
sh: _module_raw: line 1: syntax error: unexpected end of file
sh: error importing function definition for `_module_raw'
sh: module: line 1: syntax error: unexpected end of file
sh: error importing function definition for `module'
sh: switchml: line 1: syntax error: unexpected end of file
sh: error importing function definition for `switchml'
sh: which: line 1: syntax error: unexpected end of file
sh: error importing function definition for `which'
sh: ml: line 1: syntax error: unexpected end of file
sh: error importing function definition for `ml'
sh: _module_raw: line 1: syntax error: unexpected end of file
sh: error importing function definition for `_module_raw'
sh: module: line 1: syntax error: unexpected end of file
sh: error importing function definition for `module'
sh: switchml: line 1: syntax error: unexpected end of file
sh: error importing function definition for `switchml'
sh: which: line 1: syntax error: unexpected end of file
sh: error importing function definition for `which'
sh: ml: line 1: syntax error: unexpected end of file
sh: error importing function definition for `ml'
sh: _module_raw: line 1: syntax error: unexpected end of file
sh: error importing function definition for `_module_raw'
sh: module: line 1: syntax error: unexpected end of file
sh: error importing function definition for `module'
********************************************************************************
Product   : Virtuoso(R) XStream Out
Program   : @(#)$CDS: strmout version 6.1.8-64b 10/11/2023 09:46 (sjfhw317) $
          : sub-version  IC6.1.8-64b.500.34 
Started at: 04-Apr-2024  22:34:19
User Name : ncm1
Host Name : silo-rhel.luddy.indiana.edu
Directory : /nfs/nfs2/home/ncm1/IC_CAD/alu4/cad
CADENCE Design Systems, Inc.
********************************************************************************
Info: Cellview Rev Num:99,  Tech Rev Num:59

Loading sky130_fd_pr_main/libInit.il ...
	Loading sky130_fd_pr_main/loadCxt.ile ... done!
	Loading context 'sky130_fd_pr_main' from library 'sky130_fd_pr_main' ... done!
	Loading context 'pdkUtils' from library 'sky130_fd_pr_main' ... done!
	Loading sky130_fd_pr_main/libInitCktPro.il ... done!
	Loading sky130_fd_pr_main/libInitCustomExit.il ... 	Loading Environment Settings ...
done!
Loaded sky130_fd_pr_main/libInit.il successfully!
WARNING (XSTRM-20): Output Stream file '/nfs/nfs2/home/ncm1/IC_CAD/alu4/cad/drc/xor2.gds.gz' already exists. It will be overwritten.
INFO (XSTRM-217): Reading the layer map file, /home/sky130_release_0.0.1/libs/sky130_fd_pr_main/sky130_fd_pr_main.layermap
INFO (XSTRM-280): The output file will be a compressed file because the file name has extension .gz
INFO (XSTRM-162): You have not used the '-viaMap' option. If the OpenAccess design has native oaVia instances, use the '-viaMap' option for preserving oaVia instances in a XStream Out - XStream In round trip. Using the '-viaMap' option improves performance and VM usage of applications using the Streamed-In design.

Summary of Options :
library                                 std_cells
strmFile                                /nfs/nfs2/home/ncm1/IC_CAD/alu4/cad/drc/xor2.gds.gz
topCell                                 xor2
view                                    layout
runDir                                  /nfs/nfs2/home/ncm1/IC_CAD/alu4/cad/drc
logFile                                 /nfs/nfs2/home/ncm1/IC_CAD/alu4/cad/drc/PIPO1.LOG
techLib                                 sky130_fd_pr_main
hierDepth                               32
maxVertices                             2048
layerMap                                /home/sky130_release_0.0.1/libs/sky130_fd_pr_main/sky130_fd_pr_main.layermap
userSkillFile                           /nfs/nfs2/home/ncm1/IC_CAD/alu4/cad/drc/strmout.il
labelDepth                              32
case                                    Preserve
convertDot                              node

INFO (XSTRM-223): 1. Translating stdVia sky130_fd_pr_main/M1M2_C/layout as STRUCTURE M1M2_C_CDNS_1.
INFO (XSTRM-223): 2. Translating customVia sky130_fd_pr_main/polyConn/layout as STRUCTURE polyConn_CDNS_2.
INFO (XSTRM-223): 3. Translating customVia sky130_fd_pr_main/nwellTap/layout as STRUCTURE nwellTap_CDNS_3.
INFO (XSTRM-223): 4. Translating customVia sky130_fd_pr_main/subTap/layout as STRUCTURE subTap_CDNS_4.
INFO (XSTRM-223): 5. Translating stdVia sky130_fd_pr_main/L1M1_C/layout as STRUCTURE L1M1_C_CDNS_5.
INFO (XSTRM-223): 6. Translating cellView sky130_fd_pr_main/pfet_01v8/layout as STRUCTURE pfet_01v8_CDNS_6.
INFO (XSTRM-223): 7. Translating cellView sky130_fd_pr_main/nfet_01v8/layout as STRUCTURE nfet_01v8_CDNS_7.
INFO (XSTRM-223): 8. Translating cellView sky130_fd_pr_main/nfet_01v8/layout as STRUCTURE nfet_01v8_CDNS_8.
INFO (XSTRM-223): 9. Translating cellView sky130_fd_pr_main/pfet_01v8/layout as STRUCTURE pfet_01v8_CDNS_9.
INFO (XSTRM-223): 10. Translating cellView std_cells/nand2/layout as STRUCTURE nand2.
INFO (XSTRM-180): You have not used the '-objectMap' option. The design has instance(s) of at least one of following OpenAccess objects: oaBlockage, oaBoundary, oaRow, and oaMarker. Any information about these objects will not be translated into the generated stream file. Use the '-objectMap' option to translate/preserve these objects using XStream.
INFO (XSTRM-223): 11. Translating cellView std_cells/xor2/layout as STRUCTURE xor2.

Summary of Objects Translated:
	Scalar Instances:                       9
	Array Instances:                        0
	Polygons:                               0
	Paths:                                  0
	Rectangles:                             135
	Lines:                                  0
	Arcs:                                   0
	Donuts:                                 0
	Dots:                                   0
	Ellipses:                               0
	Boundaries:                             0
	Area Blockages:                         0
	Layer Blockages:                        0
	Area Halos:                             0
	Markers:                                0
	Rows:                                   0
	Standard Vias                           20
	Custom Vias:                            4
	CdsGen Vias:                            0
	Pathsegs:                               6
	Text:                                   10
	TextDisplay:                            0
	Cells:                                  11

Elapsed Time: 0.3s   User Time: 0.1s   CPU Time: 0.0s   Peak VM: 6504KB
INFO (XSTRM-234): Translation completed. '0' error(s) and '1' warning(s) found.
sh: _module_raw: line 1: syntax error: unexpected end of file
sh: error importing function definition for `_module_raw'
sh: ml: line 1: syntax error: unexpected end of file
sh: error importing function definition for `ml'
sh: module: line 1: syntax error: unexpected end of file
sh: error importing function definition for `module'
sh: switchml: line 1: syntax error: unexpected end of file
sh: error importing function definition for `switchml'
sh: which: line 1: syntax error: unexpected end of file
sh: error importing function definition for `which'


sh: _module_raw: line 1: syntax error: unexpected end of file
sh: error importing function definition for `_module_raw'
sh: ml: line 1: syntax error: unexpected end of file
sh: error importing function definition for `ml'
sh: module: line 1: syntax error: unexpected end of file
sh: error importing function definition for `module'
sh: switchml: line 1: syntax error: unexpected end of file
sh: error importing function definition for `switchml'
sh: which: line 1: syntax error: unexpected end of file
sh: error importing function definition for `which'
Pegasus 21.32-s016 IVSebxpKz3Jj1V3WvyiObA 2024-04-04 22:34:19 3054379 silo-rhel.luddy.indiana.edu
Copyright 2022 Cadence Design Systems, Inc.
All rights reserved worldwide.

INFO:    Command Line Options: --dp 8 -top_cell xor2 -ui_data --control /nfs/nfs2/home/ncm1/IC_CAD/alu4/cad/drc/pegasusdrcctl /l/sky130_release_0.0.1/Sky130_DRC/sky130_rev_0.0_1.0.drc.pvl
INFO:    Launch host CPU: Model: Intel(R) Xeon(R) CPU E5-2680 v3 @ 2.50GHz, OS: , Logical cores: 48, Physical cores: 24, Cache: 30720 KB, CPU Speed: 3300 MHz
         Launch host Memory: MemTotal: 257305 MB,  MemFree: 7250 MB,  SwapTotal: 4095 MB,  SwapFree: 4059 MB,  VmallocTotal: 33554431 MB,  VmallocUsed: 240 MB
INFO:    Current path: /nfs/nfs2/home/ncm1/IC_CAD/alu4/cad/drc
INFO:    Run directory same as current path
INFO:    Log directory: /nfs/nfs2/home/ncm1/IC_CAD/alu4/cad/drc/pegasus-1712284460-silo-rhel.luddy.indiana.edu-3054379
/bin/sh: switchml: line 1: syntax error: unexpected end of file
/bin/sh: error importing function definition for `switchml'
/bin/sh: which: line 1: syntax error: unexpected end of file
/bin/sh: error importing function definition for `which'
/bin/sh: ml: line 1: syntax error: unexpected end of file
/bin/sh: error importing function definition for `ml'
/bin/sh: _module_raw: line 1: syntax error: unexpected end of file
/bin/sh: error importing function definition for `_module_raw'
/bin/sh: module: line 1: syntax error: unexpected end of file
/bin/sh: error importing function definition for `module'
/bin/sh: switchml: line 1: syntax error: unexpected end of file
/bin/sh: error importing function definition for `switchml'
/bin/sh: which: line 1: syntax error: unexpected end of file
/bin/sh: error importing function definition for `which'
/bin/sh: ml: line 1: syntax error: unexpected end of file
/bin/sh: error importing function definition for `ml'
/bin/sh: _module_raw: line 1: syntax error: unexpected end of file
/bin/sh: error importing function definition for `_module_raw'
/bin/sh: module: line 1: syntax error: unexpected end of file
/bin/sh: error importing function definition for `module'
/bin/sh: switchml: line 1: syntax error: unexpected end of file
/bin/sh: error importing function definition for `switchml'
/bin/sh: which: line 1: syntax error: unexpected end of file
/bin/sh: error importing function definition for `which'
/bin/sh: ml: line 1: syntax error: unexpected end of file
/bin/sh: error importing function definition for `ml'
/bin/sh: _module_raw: line 1: syntax error: unexpected end of file
/bin/sh: error importing function definition for `_module_raw'
/bin/sh: module: line 1: syntax error: unexpected end of file
/bin/sh: error importing function definition for `module'
/bin/sh: switchml: line 1: syntax error: unexpected end of file
/bin/sh: error importing function definition for `switchml'
/bin/sh: which: line 1: syntax error: unexpected end of file
/bin/sh: error importing function definition for `which'
/bin/sh: ml: line 1: syntax error: unexpected end of file
/bin/sh: error importing function definition for `ml'
/bin/sh: _module_raw: line 1: syntax error: unexpected end of file
/bin/sh: error importing function definition for `_module_raw'
/bin/sh: module: line 1: syntax error: unexpected end of file
/bin/sh: error importing function definition for `module'
/bin/sh: switchml: line 1: syntax error: unexpected end of file
/bin/sh: error importing function definition for `switchml'
/bin/sh: which: line 1: syntax error: unexpected end of file
/bin/sh: error importing function definition for `which'
/bin/sh: ml: line 1: syntax error: unexpected end of file
/bin/sh: error importing function definition for `ml'
/bin/sh: _module_raw: line 1: syntax error: unexpected end of file
/bin/sh: error importing function definition for `_module_raw'
/bin/sh: module: line 1: syntax error: unexpected end of file
/bin/sh: error importing function definition for `module'
sh: switchml: line 1: syntax error: unexpected end of file
sh: error importing function definition for `switchml'
sh: which: line 1: syntax error: unexpected end of file
sh: error importing function definition for `which'
sh: ml: line 1: syntax error: unexpected end of file
sh: error importing function definition for `ml'
sh: _module_raw: line 1: syntax error: unexpected end of file
sh: error importing function definition for `_module_raw'
sh: module: line 1: syntax error: unexpected end of file
sh: error importing function definition for `module'
sh: switchml: line 1: syntax error: unexpected end of file
sh: error importing function definition for `switchml'
sh: which: line 1: syntax error: unexpected end of file
sh: error importing function definition for `which'
sh: ml: line 1: syntax error: unexpected end of file
sh: error importing function definition for `ml'
sh: _module_raw: line 1: syntax error: unexpected end of file
sh: error importing function definition for `_module_raw'
sh: module: line 1: syntax error: unexpected end of file
sh: error importing function definition for `module'
sh: switchml: line 1: syntax error: unexpected end of file
sh: error importing function definition for `switchml'
sh: which: line 1: syntax error: unexpected end of file
sh: error importing function definition for `which'
sh: ml: line 1: syntax error: unexpected end of file
sh: error importing function definition for `ml'
sh: _module_raw: line 1: syntax error: unexpected end of file
sh: error importing function definition for `_module_raw'
sh: module: line 1: syntax error: unexpected end of file
sh: error importing function definition for `module'
sh: switchml: line 1: syntax error: unexpected end of file
sh: error importing function definition for `switchml'
sh: which: line 1: syntax error: unexpected end of file
sh: error importing function definition for `which'
sh: ml: line 1: syntax error: unexpected end of file
sh: error importing function definition for `ml'
sh: _module_raw: line 1: syntax error: unexpected end of file
sh: error importing function definition for `_module_raw'
sh: module: line 1: syntax error: unexpected end of file
sh: error importing function definition for `module'
sh: switchml: line 1: syntax error: unexpected end of file
sh: error importing function definition for `switchml'
sh: which: line 1: syntax error: unexpected end of file
sh: error importing function definition for `which'
sh: ml: line 1: syntax error: unexpected end of file
sh: error importing function definition for `ml'
sh: _module_raw: line 1: syntax error: unexpected end of file
sh: error importing function definition for `_module_raw'
sh: module: line 1: syntax error: unexpected end of file
sh: error importing function definition for `module'
sh: switchml: line 1: syntax error: unexpected end of file
sh: error importing function definition for `switchml'
sh: which: line 1: syntax error: unexpected end of file
sh: error importing function definition for `which'
sh: ml: line 1: syntax error: unexpected end of file
sh: error importing function definition for `ml'
sh: _module_raw: line 1: syntax error: unexpected end of file
sh: error importing function definition for `_module_raw'
sh: module: line 1: syntax error: unexpected end of file
sh: error importing function definition for `module'
sh: switchml: line 1: syntax error: unexpected end of file
sh: error importing function definition for `switchml'
sh: which: line 1: syntax error: unexpected end of file
sh: error importing function definition for `which'
sh: ml: line 1: syntax error: unexpected end of file
sh: error importing function definition for `ml'
sh: _module_raw: line 1: syntax error: unexpected end of file
sh: error importing function definition for `_module_raw'
sh: module: line 1: syntax error: unexpected end of file
sh: error importing function definition for `module'
INFO:    Setting LAYOUT_PRIMARY to: xor2 
INFO:    PVL parsing results:
WARNING: LAYOUT_FORMAT at line 30 in file /l/sky130_release_0.0.1/Sky130_DRC/sky130_rev_0.0_1.0.drc.pvl is skipped. It is set in control file.
WARNING: LAYOUT_PATH at line 34 in file /l/sky130_release_0.0.1/Sky130_DRC/sky130_rev_0.0_1.0.drc.pvl is skipped. It is set in control file.
WARNING: Cmd-line override: LAYOUT_PRIMARY "xor2";
WARNING: REPORT_SUMMARY statement at line 42 in file /l/sky130_release_0.0.1/Sky130_DRC/sky130_rev_0.0_1.0.drc.pvl is ignored.
       summary file has been specified as /nfs/nfs2/home/ncm1/IC_CAD/alu4/cad/drc/xor2.sum
WARNING: RESULTS_DB -ascii at line 46 in file /l/sky130_release_0.0.1/Sky130_DRC/sky130_rev_0.0_1.0.drc.pvl is skipped. It is set in control file.
WARNING: MAX_RESULTS -drc at line 50 in file /l/sky130_release_0.0.1/Sky130_DRC/sky130_rev_0.0_1.0.drc.pvl is skipped. It is set in control file.
WARNING: ABORT_ON_LAYOUT_ERROR at line 58 in file /l/sky130_release_0.0.1/Sky130_DRC/sky130_rev_0.0_1.0.drc.pvl is skipped. It is set in control file.
WARNING: LAYOUT_PATH at line 6 in file /l/sky130_release_0.0.1/Sky130_DRC/Include/hvnwell.drc.pvl is skipped. It is set in control file.
WARNING: Cmd-line override: LAYOUT_PRIMARY "xor2";
WARNING: RESULTS_DB -ascii at line 8 in file /l/sky130_release_0.0.1/Sky130_DRC/Include/hvnwell.drc.pvl is skipped. It is set in control file.

INFO:    See "/nfs/nfs2/home/ncm1/IC_CAD/alu4/cad/drc/pegasus-1712284460-silo-rhel.luddy.indiana.edu-3054379/pvl.log" for additional details.

INFO:    Checking out 1 license(s) of feature: 'Pegasus_DRC' version 21.3
INFO:    License checkout successful ... 2024-04-04 22:34:31

INFO:    Checking out 1 license(s) of feature: 'Pegasus_16nm' version 21.3
INFO:    License checkout successful ... 2024-04-04 22:34:31
sh: switchml: line 1: syntax error: unexpected end of file
sh: error importing function definition for `switchml'
sh: which: line 1: syntax error: unexpected end of file
sh: error importing function definition for `which'
sh: ml: line 1: syntax error: unexpected end of file
sh: error importing function definition for `ml'
sh: _module_raw: line 1: syntax error: unexpected end of file
sh: error importing function definition for `_module_raw'
sh: module: line 1: syntax error: unexpected end of file
sh: error importing function definition for `module'
sh: switchml: line 1: syntax error: unexpected end of file
sh: error importing function definition for `switchml'
sh: which: line 1: syntax error: unexpected end of file
sh: error importing function definition for `which'
sh: ml: line 1: syntax error: unexpected end of file
sh: error importing function definition for `ml'
sh: _module_raw: line 1: syntax error: unexpected end of file
sh: error importing function definition for `_module_raw'
sh: module: line 1: syntax error: unexpected end of file
sh: error importing function definition for `module'
sh: switchml: line 1: syntax error: unexpected end of file
sh: error importing function definition for `switchml'
sh: which: line 1: syntax error: unexpected end of file
sh: error importing function definition for `which'
sh: ml: line 1: syntax error: unexpected end of file
sh: error importing function definition for `ml'
sh: _module_raw: line 1: syntax error: unexpected end of file
sh: error importing function definition for `_module_raw'
sh: module: line 1: syntax error: unexpected end of file
sh: error importing function definition for `module'
sh: switchml: line 1: syntax error: unexpected end of file
sh: error importing function definition for `switchml'
sh: which: line 1: syntax error: unexpected end of file
sh: error importing function definition for `which'
sh: ml: line 1: syntax error: unexpected end of file
sh: error importing function definition for `ml'
sh: _module_raw: line 1: syntax error: unexpected end of file
sh: error importing function definition for `_module_raw'
sh: module: line 1: syntax error: unexpected end of file
sh: error importing function definition for `module'
sh: switchml: line 1: syntax error: unexpected end of file
sh: error importing function definition for `switchml'
sh: which: line 1: syntax error: unexpected end of file
sh: error importing function definition for `which'
sh: ml: line 1: syntax error: unexpected end of file
sh: error importing function definition for `ml'
sh: _module_raw: line 1: syntax error: unexpected end of file
sh: error importing function definition for `_module_raw'
sh: module: line 1: syntax error: unexpected end of file
sh: error importing function definition for `module'
sh: switchml: line 1: syntax error: unexpected end of file
sh: error importing function definition for `switchml'
sh: which: line 1: syntax error: unexpected end of file
sh: error importing function definition for `which'
sh: ml: line 1: syntax error: unexpected end of file
sh: error importing function definition for `ml'
sh: _module_raw: line 1: syntax error: unexpected end of file
sh: error importing function definition for `_module_raw'
sh: module: line 1: syntax error: unexpected end of file
sh: error importing function definition for `module'
sh: switchml: line 1: syntax error: unexpected end of file
sh: error importing function definition for `switchml'
sh: which: line 1: syntax error: unexpected end of file
sh: error importing function definition for `which'
sh: ml: line 1: syntax error: unexpected end of file
sh: error importing function definition for `ml'
sh: _module_raw: line 1: syntax error: unexpected end of file
sh: error importing function definition for `_module_raw'
sh: module: line 1: syntax error: unexpected end of file
sh: error importing function definition for `module'
sh: switchml: line 1: syntax error: unexpected end of file
sh: error importing function definition for `switchml'
sh: which: line 1: syntax error: unexpected end of file
sh: error importing function definition for `which'
sh: ml: line 1: syntax error: unexpected end of file
sh: error importing function definition for `ml'
sh: _module_raw: line 1: syntax error: unexpected end of file
sh: error importing function definition for `_module_raw'
sh: module: line 1: syntax error: unexpected end of file
sh: error importing function definition for `module'
/bin/sh: switchml: line 1: syntax error: unexpected end of file
/bin/sh: error importing function definition for `switchml'
/bin/sh: which: line 1: syntax error: unexpected end of file
/bin/sh: error importing function definition for `which'
/bin/sh: ml: line 1: syntax error: unexpected end of file
/bin/sh: error importing function definition for `ml'
/bin/sh: _module_raw: line 1: syntax error: unexpected end of file
/bin/sh: error importing function definition for `_module_raw'
/bin/sh: module: line 1: syntax error: unexpected end of file
/bin/sh: error importing function definition for `module'
/bin/sh: switchml: line 1: syntax error: unexpected end of file
/bin/sh: error importing function definition for `switchml'
/bin/sh: which: line 1: syntax error: unexpected end of file
/bin/sh: error importing function definition for `which'
/bin/sh: ml: line 1: syntax error: unexpected end of file
/bin/sh: error importing function definition for `ml'
/bin/sh: _module_raw: line 1: syntax error: unexpected end of file
/bin/sh: error importing function definition for `_module_raw'
/bin/sh: module: line 1: syntax error: unexpected end of file
/bin/sh: error importing function definition for `module'
/bin/sh: switchml: line 1: syntax error: unexpected end of file
/bin/sh: switchml: line 1: syntax error: unexpected end of file
/bin/sh: error importing function definition for `switchml'
/bin/sh: switchml: line 1: syntax error: unexpected end of file
/bin/sh: error importing function definition for `switchml'
/bin/sh: switchml: line 1: syntax error: unexpected end of file
/bin/sh: error importing function definition for `switchml'
/bin/sh: which: line 1: syntax error: unexpected end of file
/bin/sh: error importing function definition for `which'
/bin/sh: error importing function definition for `switchml'
/bin/sh: which: line 1: syntax error: unexpected end of file
/bin/sh: error importing function definition for `which'
/bin/sh: which: line 1: syntax error: unexpected end of file
/bin/sh: ml: line 1: syntax error: unexpected end of file
/bin/sh: error importing function definition for `which'
/bin/sh: error importing function definition for `ml'
/bin/sh: which: line 1: syntax error: unexpected end of file
/bin/sh: ml: line 1: syntax error: unexpected end of file
/bin/sh: error importing function definition for `which'
/bin/sh: error importing function definition for `ml'
/bin/sh: ml: line 1: syntax error: unexpected end of file
/bin/sh: _module_raw: line 1: syntax error: unexpected end of file
/bin/sh: error importing function definition for `ml'
/bin/sh: error importing function definition for `_module_raw'
/bin/sh: ml: line 1: syntax error: unexpected end of file
/bin/sh: _module_raw: line 1: syntax error: unexpected end of file
/bin/sh: error importing function definition for `ml'
/bin/sh: _module_raw: line 1: syntax error: unexpected end of file
/bin/sh: error importing function definition for `_module_raw'
/bin/sh: error importing function definition for `_module_raw'
/bin/sh: module: line 1: syntax error: unexpected end of file
/bin/sh: _module_raw: line 1: syntax error: unexpected end of file
/bin/sh: error importing function definition for `module'
/bin/sh: error importing function definition for `_module_raw'
/bin/sh: module: line 1: syntax error: unexpected end of file
/bin/sh: module: line 1: syntax error: unexpected end of file
/bin/sh: error importing function definition for `module'
/bin/sh: error importing function definition for `module'
/bin/sh: module: line 1: syntax error: unexpected end of file
/bin/sh: error importing function definition for `module'
/bin/sh: switchml: line 1: syntax error: unexpected end of file
/bin/sh: error importing function definition for `switchml'
/bin/sh: which: line 1: syntax error: unexpected end of file
/bin/sh: error importing function definition for `which'
/bin/sh: ml: line 1: syntax error: unexpected end of file
/bin/sh: error importing function definition for `ml'
/bin/sh: _module_raw: line 1: syntax error: unexpected end of file
/bin/sh: error importing function definition for `_module_raw'
/bin/sh: module: line 1: syntax error: unexpected end of file
/bin/sh: error importing function definition for `module'
/bin/sh: switchml: line 1: syntax error: unexpected end of file
/bin/sh: error importing function definition for `switchml'
/bin/sh: which: line 1: syntax error: unexpected end of file
/bin/sh: error importing function definition for `which'
/bin/sh: ml: line 1: syntax error: unexpected end of file
/bin/sh: error importing function definition for `ml'
/bin/sh: _module_raw: line 1: syntax error: unexpected end of file
/bin/sh: error importing function definition for `_module_raw'
/bin/sh: module: line 1: syntax error: unexpected end of file
/bin/sh: error importing function definition for `module'

INFO:    Gdsii input summary
         File name: /nfs/nfs2/home/ncm1/IC_CAD/alu4/cad/drc/xor2.gds.gz
         File size: 2169
         Version: 5.0
         Library name: std_cells
         Last modified: 2024-4-4 18:31:38
         Last accessed: 2024-4-4 22:34:19
         Database unit in user units: 0.001
         Database unit in meters: 1e-09
         Magnification: 1 
WARNING: Cell name parameter "*_tech_CD_top" for inside_cell [-not] operation not located.
WARNING: Cell name parameter "s8rf2_xcmvpp_hd5_*" for inside_cell [-not] operation not located.
WARNING: Cell name parameter "s8cell_ee_plus_sseln_a" for inside_cell [-not] operation not located.
WARNING: Cell name parameter "s8cell_ee_plus_sseln_b" for inside_cell [-not] operation not located.
WARNING: Cell name parameter "s8cell_ee_plus_sselp_a" for inside_cell [-not] operation not located.
WARNING: Cell name parameter "s8cell_ee_plus_sselp_b" for inside_cell [-not] operation not located.
WARNING: Cell name parameter "s8fpls_pl8" for inside_cell [-not] operation not located.
WARNING: Cell name parameter "s8fs_cmux4_fm" for inside_cell [-not] operation not located.

INFO:    Cell Summary:
         ----------------------------------------------------------------------------
             CELL                INSTANCE    GEOMETRY      LABELS        HREF        FREF
         ----------------------------------------------------------------------------
         M1M2_C_CDNS_1                  0           3           0          19          19
         polyConn_CDNS_2                0           6           0           2          10
         nwellTap_CDNS_3                0           9           0           1           5
         subTap_CDNS_4                  0           8           0           1           5
         L1M1_C_CDNS_5                  0           3           0           1           5
         pfet_01v8_CDNS_6               0          13           0           1           5
         nfet_01v8_CDNS_7               0          12           0           1           5
         nfet_01v8_CDNS_8               0          12           0           1           5
         pfet_01v8_CDNS_9               0          16           0           1           5
         nand2                          9          31           0           5           5
         xor2                          24          25           0           1           1
         ----------------------------------------------------------------------------
         TOTAL CELL = 11;  INSTANCE = 33;  GEOMETRY = 138;  LABEL = 0

INFO:    Layer Summary:
         ----------------------------------------------------------------------------
             LAYER                            ID       HPN      HTC        FPN       FTC
         ----------------------------------------------------------------------------
         diff                               1001        13         0        65         0
         tap                                1003         4         0        20         0
         nwell                              1004         5         0        21         0
         dnwell                             1005         0         0         0         0
         pwbm                               1006         0         0         0         0
         pwde                               1007         0         0         0         0
         hvtr                               1008         0         0         0         0
         hvtp                               1009         0         0         0         0
         hvi                                1011         0         0         0         0
         tunm                               1012         0         0         0         0
         lvtn                               1013         0         0         0         0
         poly                               1014        25         0       130         0
         hvntm                              1016         0         0         0         0
         nsdm                               1017         5         0        25         0
         psdm                               1018         5         0        21         0
         rpm                                1019         0         0         0         0
         npc                                1021         1         0        10         0
         licon1                             1022        18         0        95         0
         li1                                1023        17         0        90         0
         mcon                               1025         6         0        35         0
         met1                               1026        28         0       103         0
         via                                1028         1         0        19         0
         met2                               1029        10         0        28         0
         via2                               1031         0         0         0         0
         met3                               1032         0         0         0         0
         via3                               1034         0         0         0         0
         met4                               1035         0         0         0         0
         via4                               1037         0         0         0         0
         met5                               1038         0         0         0         0
         pad                                1040         0         0         0         0
         nsm                                1042         0         0         0         0
         vhvi                               1045         0         0         0         0
         uhvi                               1046         0         0         0         0
         capacitor_in                       1049         0         0         0         0
         pnp                                1050         0         0         0         0
         ncm                                1052         0         0         0         0
         areaid.ce                          1056         0         0         0         0
         areaid.sc                          1058         0         0         0         0
         areaid.mt                          1062         0         0         0         0
         areaid.cd                          1075         0         0         0         0
         areaid.st                          1076         0         0         0         0
         areaid.en                          1078         0         0         0         0
         areaid.hl                          1081         0         0         0         0
         diff_res                           1092         0         0         0         0
         pwell_res                          1093         0         0         0         0
         met4_fuse                          1096         0         0         0         0
         ----------------------------------------------------------------------------

INFO:    CHIP EXTENT: -5 -260 9715 6240

sh: switchml: line 1: syntax error: unexpected end of file
sh: error importing function definition for `switchml'
sh: which: line 1: syntax error: unexpected end of file
sh: error importing function definition for `which'
sh: ml: line 1: syntax error: unexpected end of file
sh: error importing function definition for `ml'
sh: _module_raw: line 1: syntax error: unexpected end of file
sh: error importing function definition for `_module_raw'
sh: module: line 1: syntax error: unexpected end of file
sh: error importing function definition for `module'
sh: switchml: line 1: syntax error: unexpected end of file
sh: error importing function definition for `switchml'
sh: which: line 1: syntax error: unexpected end of file
sh: error importing function definition for `which'
sh: ml: line 1: syntax error: unexpected end of file
sh: error importing function definition for `ml'
sh: _module_raw: line 1: syntax error: unexpected end of file
sh: error importing function definition for `_module_raw'
sh: module: line 1: syntax error: unexpected end of file
sh: error importing function definition for `module'
sh: switchml: line 1: syntax error: unexpected end of file
sh: error importing function definition for `switchml'
sh: which: line 1: syntax error: unexpected end of file
sh: error importing function definition for `which'
sh: ml: line 1: syntax error: unexpected end of file
sh: error importing function definition for `ml'
sh: _module_raw: line 1: syntax error: unexpected end of file
sh: error importing function definition for `_module_raw'
sh: module: line 1: syntax error: unexpected end of file
sh: error importing function definition for `module'
sh: switchml: line 1: syntax error: unexpected end of file
sh: switchml: line 1: syntax error: unexpected end of file
sh: error importing function definition for `switchml'
sh: error importing function definition for `switchml'
sh: switchml: line 1: syntax error: unexpected end of file
sh: which: line 1: syntax error: unexpected end of file
sh: switchml: line 1: syntax error: unexpected end of file
sh: error importing function definition for `which'
sh: switchml: line 1: syntax error: unexpected end of file
sh: error importing function definition for `switchml'
sh: which: line 1: syntax error: unexpected end of file
sh: error importing function definition for `switchml'
sh: ml: line 1: syntax error: unexpected end of file
sh: error importing function definition for `which'
sh: error importing function definition for `switchml'
sh: error importing function definition for `ml'
sh: which: line 1: syntax error: unexpected end of file
sh: ml: line 1: syntax error: unexpected end of file
sh: _module_raw: line 1: syntax error: unexpected end of file
sh: error importing function definition for `which'
sh: which: line 1: syntax error: unexpected end of file
sh: error importing function definition for `ml'
sh: which: line 1: syntax error: unexpected end of file
sh: error importing function definition for `_module_raw'
sh: error importing function definition for `which'
sh: error importing function definition for `which'
sh: ml: line 1: syntax error: unexpected end of file
sh: _module_raw: line 1: syntax error: unexpected end of file
sh: error importing function definition for `_module_raw'
sh: error importing function definition for `ml'
sh: ml: line 1: syntax error: unexpected end of file
sh: ml: line 1: syntax error: unexpected end of file
sh: error importing function definition for `ml'
sh: module: line 1: syntax error: unexpected end of file
sh: error importing function definition for `ml'
sh: _module_raw: line 1: syntax error: unexpected end of file
sh: error importing function definition for `module'
sh: module: line 1: syntax error: unexpected end of file
sh: error importing function definition for `_module_raw'
sh: _module_raw: line 1: syntax error: unexpected end of file
sh: error importing function definition for `module'
sh: _module_raw: line 1: syntax error: unexpected end of file
sh: error importing function definition for `_module_raw'
sh: error importing function definition for `_module_raw'
sh: module: line 1: syntax error: unexpected end of file
sh: error importing function definition for `module'
sh: module: line 1: syntax error: unexpected end of file
sh: module: line 1: syntax error: unexpected end of file
sh: error importing function definition for `module'
sh: error importing function definition for `module'
sh: switchml: line 1: syntax error: unexpected end of file
sh: error importing function definition for `switchml'
sh: which: line 1: syntax error: unexpected end of file
sh: error importing function definition for `which'
sh: ml: line 1: syntax error: unexpected end of file
sh: error importing function definition for `ml'
sh: _module_raw: line 1: syntax error: unexpected end of file
sh: error importing function definition for `_module_raw'
sh: module: line 1: syntax error: unexpected end of file
sh: error importing function definition for `module'
sh: switchml: line 1: syntax error: unexpected end of file
sh: error importing function definition for `switchml'
sh: which: line 1: syntax error: unexpected end of file
sh: error importing function definition for `which'
sh: ml: line 1: syntax error: unexpected end of file
sh: error importing function definition for `ml'
sh: _module_raw: line 1: syntax error: unexpected end of file
sh: error importing function definition for `_module_raw'
sh: module: line 1: syntax error: unexpected end of file
sh: error importing function definition for `module'
sh: switchml: line 1: syntax error: unexpected end of file
sh: switchml: line 1: syntax error: unexpected end of file
sh: error importing function definition for `switchml'
sh: error importing function definition for `switchml'
sh: which: line 1: syntax error: unexpected end of file
sh: error importing function definition for `which'
sh: which: line 1: syntax error: unexpected end of file
sh: ml: line 1: syntax error: unexpected end of file
sh: error importing function definition for `which'
sh: error importing function definition for `ml'
sh: _module_raw: line 1: syntax error: unexpected end of file
sh: ml: line 1: syntax error: unexpected end of file
sh: error importing function definition for `_module_raw'
sh: error importing function definition for `ml'
sh: _module_raw: line 1: syntax error: unexpected end of file
sh: error importing function definition for `_module_raw'
sh: module: line 1: syntax error: unexpected end of file
sh: error importing function definition for `module'
sh: module: line 1: syntax error: unexpected end of file
sh: error importing function definition for `module'
sh: switchml: line 1: syntax error: unexpected end of file
sh: switchml: line 1: syntax error: unexpected end of file
sh: error importing function definition for `switchml'
sh: switchml: line 1: syntax error: unexpected end of file
sh: switchml: line 1: syntax error: unexpected end of file
sh: error importing function definition for `switchml'
sh: which: line 1: syntax error: unexpected end of file
sh: error importing function definition for `switchml'
sh: error importing function definition for `which'
sh: error importing function definition for `switchml'
sh: ml: line 1: syntax error: unexpected end of file
sh: error importing function definition for `ml'
sh: which: line 1: syntax error: unexpected end of file
sh: _module_raw: line 1: syntax error: unexpected end of file
sh: which: line 1: syntax error: unexpected end of file
sh: error importing function definition for `_module_raw'
sh: error importing function definition for `which'
sh: which: line 1: syntax error: unexpected end of file
sh: error importing function definition for `which'
sh: error importing function definition for `which'
sh: module: line 1: syntax error: unexpected end of file
sh: error importing function definition for `module'
sh: ml: line 1: syntax error: unexpected end of file
sh: ml: line 1: syntax error: unexpected end of file
sh: error importing function definition for `ml'
sh: error importing function definition for `ml'
sh: ml: line 1: syntax error: unexpected end of file
sh: error importing function definition for `ml'
sh: _module_raw: line 1: syntax error: unexpected end of file
sh: _module_raw: line 1: syntax error: unexpected end of file
sh: error importing function definition for `_module_raw'
sh: error importing function definition for `_module_raw'
sh: _module_raw: line 1: syntax error: unexpected end of file
sh: error importing function definition for `_module_raw'
sh: module: line 1: syntax error: unexpected end of file
sh: module: line 1: syntax error: unexpected end of file
sh: error importing function definition for `module'
sh: error importing function definition for `module'
sh: module: line 1: syntax error: unexpected end of file
sh: error importing function definition for `module'
sh: switchml: line 1: syntax error: unexpected end of file
sh: error importing function definition for `switchml'
sh: which: line 1: syntax error: unexpected end of file
sh: error importing function definition for `which'
sh: ml: line 1: syntax error: unexpected end of file
sh: error importing function definition for `ml'
sh: _module_raw: line 1: syntax error: unexpected end of file
sh: error importing function definition for `_module_raw'
sh: module: line 1: syntax error: unexpected end of file
sh: error importing function definition for `module'
/bin/sh: switchml: line 1: syntax error: unexpected end of file
/bin/sh: error importing function definition for `switchml'
/bin/sh: which: line 1: syntax error: unexpected end of file
/bin/sh: error importing function definition for `which'
/bin/sh: ml: line 1: syntax error: unexpected end of file
/bin/sh: error importing function definition for `ml'
/bin/sh: _module_raw: line 1: syntax error: unexpected end of file
/bin/sh: error importing function definition for `_module_raw'
/bin/sh: module: line 1: syntax error: unexpected end of file
/bin/sh: error importing function definition for `module'
/usr/bin/lsb_release: line 159: /nfs/nfs2/home/ncm1/.linuxbrew/bin/sed: No such file or directory
/usr/bin/lsb_release: line 162: /nfs/nfs2/home/ncm1/.linuxbrew/bin/getopt: No such file or directory
sh: switchml: line 1: syntax error: unexpected end of file
sh: error importing function definition for `switchml'
sh: which: line 1: syntax error: unexpected end of file
sh: error importing function definition for `which'
sh: ml: line 1: syntax error: unexpected end of file
sh: error importing function definition for `ml'
sh: _module_raw: line 1: syntax error: unexpected end of file
sh: error importing function definition for `_module_raw'
sh: module: line 1: syntax error: unexpected end of file
sh: error importing function definition for `module'
/bin/sh: switchml: line 1: syntax error: unexpected end of file
/bin/sh: error importing function definition for `switchml'
sh: switchml: line 1: syntax error: unexpected end of file
sh: error importing function definition for `switchml'
sh: which: line 1: syntax error: unexpected end of file
/bin/sh: which: line 1: syntax error: unexpected end of file
sh: error importing function definition for `which'
/bin/sh: error importing function definition for `which'
sh: ml: line 1: syntax error: unexpected end of file
sh: error importing function definition for `ml'
/bin/sh: ml: line 1: syntax error: unexpected end of file
/bin/sh: error importing function definition for `ml'
sh: _module_raw: line 1: syntax error: unexpected end of file
sh: error importing function definition for `_module_raw'
/bin/sh: _module_raw: line 1: syntax error: unexpected end of file
/bin/sh: error importing function definition for `_module_raw'
sh: module: line 1: syntax error: unexpected end of file
sh: error importing function definition for `module'
/bin/sh: module: line 1: syntax error: unexpected end of file
/bin/sh: error importing function definition for `module'
/bin/sh: switchml: line 1: syntax error: unexpected end of file
sh: switchml: line 1: syntax error: unexpected end of file
/bin/sh: error importing function definition for `switchml'
sh: error importing function definition for `switchml'
sh: which: line 1: syntax error: unexpected end of file
sh: error importing function definition for `which'
/bin/sh: which: line 1: syntax error: unexpected end of file
/bin/sh: error importing function definition for `which'
sh: ml: line 1: syntax error: unexpected end of file
sh: error importing function definition for `ml'
sh: _module_raw: line 1: syntax error: unexpected end of file
sh: error importing function definition for `_module_raw'
/bin/sh: ml: line 1: syntax error: unexpected end of file
/bin/sh: error importing function definition for `ml'
sh: module: line 1: syntax error: unexpected end of file
sh: error importing function definition for `module'
/bin/sh: _module_raw: line 1: syntax error: unexpected end of file
/bin/sh: error importing function definition for `_module_raw'
/bin/sh: module: line 1: syntax error: unexpected end of file
/bin/sh: error importing function definition for `module'
/usr/bin/lsb_release: line 159: /nfs/nfs2/home/ncm1/.linuxbrew/bin/sed: No such file or directory
/bin/sh: switchml: line 1: syntax error: unexpected end of file
/bin/sh: error importing function definition for `switchml'
/bin/sh: which: line 1: syntax error: unexpected end of file
/bin/sh: error importing function definition for `which'
/bin/sh: ml: line 1: syntax error: unexpected end of file
/bin/sh: error importing function definition for `ml'
/bin/sh: _module_raw: line 1: syntax error: unexpected end of file
/bin/sh: error importing function definition for `_module_raw'
/bin/sh: module: line 1: syntax error: unexpected end of file
/bin/sh: error importing function definition for `module'
/usr/bin/lsb_release: line 159: /nfs/nfs2/home/ncm1/.linuxbrew/bin/sed: No such file or directory
sh: switchml: line 1: syntax error: unexpected end of file
sh: error importing function definition for `switchml'
sh: which: line 1: syntax error: unexpected end of file
sh: error importing function definition for `which'
sh: ml: line 1: syntax error: unexpected end of file
sh: error importing function definition for `ml'
sh: _module_raw: line 1: syntax error: unexpected end of file
sh: error importing function definition for `_module_raw'
sh: module: line 1: syntax error: unexpected end of file
sh: error importing function definition for `module'
/usr/bin/lsb_release: line 159: /nfs/nfs2/home/ncm1/.linuxbrew/bin/sed: No such file or directory
/bin/sh: switchml: line 1: syntax error: unexpected end of file
/bin/sh: error importing function definition for `switchml'
/bin/sh: which: line 1: syntax error: unexpected end of file
/bin/sh: error importing function definition for `which'
/bin/sh: ml: line 1: syntax error: unexpected end of file
/bin/sh: error importing function definition for `ml'
/bin/sh: _module_raw: line 1: syntax error: unexpected end of file
/bin/sh: error importing function definition for `_module_raw'
/bin/sh: module: line 1: syntax error: unexpected end of file
/bin/sh: error importing function definition for `module'
/usr/bin/lsb_release: line 162: /nfs/nfs2/home/ncm1/.linuxbrew/bin/getopt: No such file or directory
/usr/bin/lsb_release: line 162: /nfs/nfs2/home/ncm1/.linuxbrew/bin/getopt: No such file or directory
/usr/bin/lsb_release: line 162: /nfs/nfs2/home/ncm1/.linuxbrew/bin/getopt: No such file or directory
/usr/bin/lsb_release: line 159: /nfs/nfs2/home/ncm1/.linuxbrew/bin/sed: No such file or directory
/usr/bin/lsb_release: line 162: /nfs/nfs2/home/ncm1/.linuxbrew/bin/getopt: No such file or directory
sh: switchml: line 1: syntax error: unexpected end of file
sh: error importing function definition for `switchml'
sh: which: line 1: syntax error: unexpected end of file
sh: error importing function definition for `which'
sh: ml: line 1: syntax error: unexpected end of file
sh: error importing function definition for `ml'
sh: _module_raw: line 1: syntax error: unexpected end of file
sh: error importing function definition for `_module_raw'
sh: module: line 1: syntax error: unexpected end of file
sh: error importing function definition for `module'
/bin/sh: switchml: line 1: syntax error: unexpected end of file
/bin/sh: error importing function definition for `switchml'
/bin/sh: which: line 1: syntax error: unexpected end of file
/bin/sh: error importing function definition for `which'
/bin/sh: ml: line 1: syntax error: unexpected end of file
/bin/sh: error importing function definition for `ml'
/bin/sh: _module_raw: line 1: syntax error: unexpected end of file
/bin/sh: error importing function definition for `_module_raw'
/bin/sh: module: line 1: syntax error: unexpected end of file
/bin/sh: error importing function definition for `module'
sh: switchml: line 1: syntax error: unexpected end of file
sh: error importing function definition for `switchml'
sh: which: line 1: syntax error: unexpected end of file
sh: error importing function definition for `which'
sh: ml: line 1: syntax error: unexpected end of file
sh: error importing function definition for `ml'
sh: _module_raw: line 1: syntax error: unexpected end of file
sh: error importing function definition for `_module_raw'
sh: module: line 1: syntax error: unexpected end of file
sh: error importing function definition for `module'
/usr/bin/lsb_release: line 159: /nfs/nfs2/home/ncm1/.linuxbrew/bin/sed: No such file or directory
/bin/sh: switchml: line 1: syntax error: unexpected end of file
/bin/sh: error importing function definition for `switchml'
/bin/sh: which: line 1: syntax error: unexpected end of file
/bin/sh: error importing function definition for `which'
/bin/sh: ml: line 1: syntax error: unexpected end of file
/bin/sh: error importing function definition for `ml'
/bin/sh: _module_raw: line 1: syntax error: unexpected end of file
/bin/sh: error importing function definition for `_module_raw'
/bin/sh: module: line 1: syntax error: unexpected end of file
/bin/sh: error importing function definition for `module'
/usr/bin/lsb_release: line 162: /nfs/nfs2/home/ncm1/.linuxbrew/bin/getopt: No such file or directory
/usr/bin/lsb_release: line 159: /nfs/nfs2/home/ncm1/.linuxbrew/bin/sed: No such file or directory
/usr/bin/lsb_release: line 162: /nfs/nfs2/home/ncm1/.linuxbrew/bin/getopt: No such file or directory
sh: switchml: line 1: syntax error: unexpected end of file
sh: error importing function definition for `switchml'
sh: which: line 1: syntax error: unexpected end of file
sh: error importing function definition for `which'
sh: ml: line 1: syntax error: unexpected end of file
sh: error importing function definition for `ml'
sh: _module_raw: line 1: syntax error: unexpected end of file
sh: error importing function definition for `_module_raw'
sh: module: line 1: syntax error: unexpected end of file
sh: error importing function definition for `module'
/bin/sh: switchml: line 1: syntax error: unexpected end of file
/bin/sh: error importing function definition for `switchml'
/bin/sh: which: line 1: syntax error: unexpected end of file
/bin/sh: error importing function definition for `which'
/bin/sh: ml: line 1: syntax error: unexpected end of file
/bin/sh: error importing function definition for `ml'
/bin/sh: _module_raw: line 1: syntax error: unexpected end of file
/bin/sh: error importing function definition for `_module_raw'
/bin/sh: module: line 1: syntax error: unexpected end of file
/bin/sh: error importing function definition for `module'
/usr/bin/lsb_release: line 159: /nfs/nfs2/home/ncm1/.linuxbrew/bin/sed: No such file or directory
/usr/bin/lsb_release: line 162: /nfs/nfs2/home/ncm1/.linuxbrew/bin/getopt: No such file or directory
INFO:    Worker 1 started on host silo-rhel.luddy.indiana.edu with 1 cpu(s)
         CPU: Model: Intel(R) Xeon(R) CPU E5-2680 v3 @ 2.50GHz, OS: , Logical cores: 48, Physical cores: 24, Cache: 30720 KB, CPU Speed: 3300 MHz
         Memory: MemTotal: 257305 MB,  MemFree: 7148 MB,  SwapTotal: 4095 MB,  SwapFree: 4059 MB,  VmallocTotal: 33554431 MB,  VmallocUsed: 241 MB
INFO:    Worker 2 started on host silo-rhel.luddy.indiana.edu with 1 cpu(s)
         CPU: Model: Intel(R) Xeon(R) CPU E5-2680 v3 @ 2.50GHz, OS: , Logical cores: 48, Physical cores: 24, Cache: 30720 KB, CPU Speed: 2939.65 MHz
         Memory: MemTotal: 257305 MB,  MemFree: 7111 MB,  SwapTotal: 4095 MB,  SwapFree: 4059 MB,  VmallocTotal: 33554431 MB,  VmallocUsed: 242 MB
INFO:    Worker 3 started on host silo-rhel.luddy.indiana.edu with 1 cpu(s)
         CPU: Model: Intel(R) Xeon(R) CPU E5-2680 v3 @ 2.50GHz, OS: , Logical cores: 48, Physical cores: 24, Cache: 30720 KB, CPU Speed: 3300 MHz
         Memory: MemTotal: 257305 MB,  MemFree: 7149 MB,  SwapTotal: 4095 MB,  SwapFree: 4059 MB,  VmallocTotal: 33554431 MB,  VmallocUsed: 241 MB
INFO:    Worker 4 started on host silo-rhel.luddy.indiana.edu with 1 cpu(s)
         CPU: Model: Intel(R) Xeon(R) CPU E5-2680 v3 @ 2.50GHz, OS: , Logical cores: 48, Physical cores: 24, Cache: 30720 KB, CPU Speed: 3300 MHz
         Memory: MemTotal: 257305 MB,  MemFree: 7149 MB,  SwapTotal: 4095 MB,  SwapFree: 4059 MB,  VmallocTotal: 33554431 MB,  VmallocUsed: 241 MB
INFO:    Worker 5 started on host silo-rhel.luddy.indiana.edu with 1 cpu(s)
         CPU: Model: Intel(R) Xeon(R) CPU E5-2680 v3 @ 2.50GHz, OS: , Logical cores: 48, Physical cores: 24, Cache: 30720 KB, CPU Speed: 3300 MHz
         Memory: MemTotal: 257305 MB,  MemFree: 7150 MB,  SwapTotal: 4095 MB,  SwapFree: 4059 MB,  VmallocTotal: 33554431 MB,  VmallocUsed: 241 MB
INFO:    Worker 6 started on host silo-rhel.luddy.indiana.edu with 1 cpu(s)
         CPU: Model: Intel(R) Xeon(R) CPU E5-2680 v3 @ 2.50GHz, OS: , Logical cores: 48, Physical cores: 24, Cache: 30720 KB, CPU Speed: 3300 MHz
         Memory: MemTotal: 257305 MB,  MemFree: 7153 MB,  SwapTotal: 4095 MB,  SwapFree: 4059 MB,  VmallocTotal: 33554431 MB,  VmallocUsed: 241 MB
INFO:    Worker 7 started on host silo-rhel.luddy.indiana.edu with 1 cpu(s)
         CPU: Model: Intel(R) Xeon(R) CPU E5-2680 v3 @ 2.50GHz, OS: , Logical cores: 48, Physical cores: 24, Cache: 30720 KB, CPU Speed: 3300 MHz
         Memory: MemTotal: 257305 MB,  MemFree: 7150 MB,  SwapTotal: 4095 MB,  SwapFree: 4059 MB,  VmallocTotal: 33554431 MB,  VmallocUsed: 241 MB
INFO:    Worker 8 started on host silo-rhel.luddy.indiana.edu with 1 cpu(s)
         CPU: Model: Intel(R) Xeon(R) CPU E5-2680 v3 @ 2.50GHz, OS: , Logical cores: 48, Physical cores: 24, Cache: 30720 KB, CPU Speed: 2230.21 MHz
         Memory: MemTotal: 257305 MB,  MemFree: 7148 MB,  SwapTotal: 4095 MB,  SwapFree: 4059 MB,  VmallocTotal: 33554431 MB,  VmallocUsed: 241 MB

INFO:    Ports ...
         ========================================================================

INFO:    Texts For Connectivity ...
         ========================================================================

INFO:    Texts For SELECT -LABEL ...
         ========================================================================

INFO:    Texts For EXPAND_TEXT_ORIGIN ...
         ========================================================================

INFO:    Texts For DFM_TEXT ...
         ========================================================================

INFO:    Layer Summary(Texts For Connectivity):
         ----------------------------------------------------------------------------
             LAYER                            ID       TEXTS
         ----------------------------------------------------------------------------
         ----------------------------------------------------------------------------

INFO:    Layer Summary(Texts For SELECT -LABEL):
         ----------------------------------------------------------------------------
             LAYER                            ID       TEXTS
         ----------------------------------------------------------------------------
         ----------------------------------------------------------------------------

INFO:    Layer Summary(Texts For EXPAND_TEXT_ORIGIN):
         ----------------------------------------------------------------------------
             LAYER                            ID       TEXTS
         ----------------------------------------------------------------------------
         ----------------------------------------------------------------------------

INFO:    Layer Summary(Texts For DFM_TEXT):
         ----------------------------------------------------------------------------
             LAYER                            ID       TEXTS
         ----------------------------------------------------------------------------
         ----------------------------------------------------------------------------

INFO:    Expanded Cell Summary
         L1M1_C_CDNS_5 is expanded.
         nwellTap_CDNS_3 is expanded.
         subTap_CDNS_4 is expanded.
         pfet_01v8_CDNS_6 is expanded.
         nfet_01v8_CDNS_7 is expanded.
         nfet_01v8_CDNS_8 is expanded.
         pfet_01v8_CDNS_9 is expanded.
         M1M2_C_CDNS_1 is expanded.
         polyConn_CDNS_2 is expanded.
INFO:    Rule dnwell.7 completed with no violations, 1/279
INFO:    Rule dnwell.3 completed with no violations, 2/279
INFO:    Rule dnwell.2 completed with no violations, 3/279
INFO:    Rule dnwell.5 completed with no violations, 4/279
INFO:    Rule dnwell.4 completed with no violations, 5/279
INFO:    Rule hvtp.2 completed with no violations, 6/279
INFO:    Rule nwell.6 completed with no violations, 7/279
INFO:    Rule nwell.1 completed with no violations, 8/279
INFO:    Rule nwell.5 completed with no violations, 9/279
INFO:    Rule hvtp.1 completed with no violations, 10/279
INFO:    Rule nwell.2ab completed with no violations, 11/279
INFO:    Rule hvnwell.8 completed with no violations, 12/279
INFO:    Rule hvtr.1 completed with no violations, 13/279
INFO:    Rule lvtn.1a completed with no violations, 14/279
INFO:    Rule hvtp.5 completed with no violations, 15/279
INFO:    Rule hvtp.6 completed with no violations, 16/279
INFO:    Rule hvtr.2 completed with no violations, 17/279
INFO:    Rule nwell.4 completed with no violations, 18/279
INFO:    Rule lvtn.13 completed with no violations, 19/279
INFO:    Rule lvtn.9 completed with no violations, 20/279
INFO:    Rule lvtn.12 completed with no violations, 21/279
INFO:    Rule lvtn.2 completed with no violations, 22/279
INFO:    Rule lvtn.3a completed with no violations, 23/279
INFO:    Rule hvtp.3 completed with no violations, 24/279
INFO:    Rule lvtn.10 completed with no violations, 25/279
INFO:    Rule vpp.5 completed with no violations, 26/279
INFO:    Rule ncm.1 completed with no violations, 27/279
INFO:    Rule ncm.2a completed with no violations, 28/279
INFO:    Rule lvtn.14 completed with no violations, 29/279
INFO:    Rule ncm.8 completed with no violations, 30/279
INFO:    Rule ncm.7 completed with no violations, 31/279
INFO:    Rule difftap.1 completed with no violations, 32/279
INFO:    Rule tunm.1 completed with no violations, 33/279
INFO:    Rule difftap.10 completed with no violations, 34/279
INFO:    Rule tunm.7 completed with no violations, 35/279
INFO:    Rule tunm.2 completed with no violations, 36/279
INFO:    Rule tunm.6a completed with no violations, 37/279
INFO:    Rule difftap.4 completed with no violations, 38/279
INFO:    Rule difftap.6 completed with no violations, 39/279
INFO:    Rule tunm.8 completed with no violations, 40/279
INFO:    Rule poly.2 completed with no violations, 41/279
INFO:    Rule poly.15 completed with no violations, 42/279
INFO:    Rule difftap.3 completed with no violations, 43/279
INFO:    Rule poly.1a completed with no violations, 44/279
INFO:    Rule difftap.9 completed with no violations, 45/279
INFO:    Rule difftap.11 completed with no violations, 46/279
INFO:    Rule poly.10 completed with no violations, 47/279
INFO:    Rule rpm.11 completed with no violations, 48/279
INFO:    Rule rpm.6 completed with no violations, 49/279
INFO:    Rule rpm.2 completed with no violations, 50/279
INFO:    Rule rpm.7 completed with no violations, 51/279
INFO:    Rule rpm.8 completed with no violations, 52/279
INFO:    Rule rpm.3 completed with no violations, 53/279
INFO:    Rule poly.4 completed with no violations, 54/279
INFO:    Rule npc.1 completed with no violations, 55/279
INFO:    Rule npc.2 completed with no violations, 56/279
INFO:    Rule psd.6 completed with no violations, 57/279
INFO:    Rule psd.10a completed with no violations, 58/279
INFO:    Rule psd.5a completed with no violations, 59/279
INFO:    Rule psd.2 completed with no violations, 60/279
INFO:    Rule psd.1 completed with no violations, 61/279
INFO:    Rule psd.10b completed with no violations, 62/279
INFO:    Rule licon.5a completed with no violations, 63/279
INFO:    Rule psd.11 completed with no violations, 64/279
INFO:    Rule licon.2 completed with no violations, 65/279
INFO:    Rule licon.1 completed with no violations, 66/279
INFO:    Rule licon.5c completed with no violations, 67/279
INFO:    Rule li.6 completed with no violations, 68/279
INFO:    Rule ct.1 completed with no violations, 69/279
INFO:    Rule licon.6 completed with no violations, 70/279
INFO:    Rule licon.7 completed with no violations, 71/279
INFO:    Rule licon.4 completed with no violations, 72/279
INFO:    Rule li.5 completed with no violations, 73/279
INFO:    Rule licon.8 completed with no violations, 74/279
INFO:    Rule li.1 completed with no violations, 75/279
INFO:    Rule vpp.9 completed with no violations, 76/279
INFO:    Rule vpp.1 completed with no violations, 77/279
INFO:    Rule vpp.8 completed with no violations, 78/279
INFO:    Rule vpp.1b completed with no violations, 79/279
INFO:    Rule ct.2 completed with no violations, 80/279
INFO:    Rule vpp.4 completed with no violations, 81/279
INFO:    Rule vpp.13 completed with no violations, 82/279
INFO:    Rule vpp.14 completed with no violations, 83/279
INFO:    Rule m1.7 completed with no violations, 84/279
INFO:    Rule m1.6 completed with no violations, 85/279
INFO:    Rule m1.3b completed with no violations, 86/279
INFO:    Rule m1.2 completed with no violations, 87/279
INFO:    Rule m1.1 completed with no violations, 88/279
INFO:    Rule m1.5 completed with no violations, 89/279
INFO:    Rule via.1b completed with no violations, 90/279
INFO:    Rule via.1a completed with no violations, 91/279
INFO:    Rule m1.4 completed with no violations, 92/279
INFO:    Rule m2.1 completed with no violations, 93/279
INFO:    Rule via.2 completed with no violations, 94/279
INFO:    Rule via.4b completed with no violations, 95/279
INFO:    Rule via.4c completed with no violations, 96/279
INFO:    Rule via.4a completed with no violations, 97/279
INFO:    Rule m2.6 completed with no violations, 98/279
INFO:    Rule via2.1a completed with no violations, 99/279
INFO:    Rule m2.7 completed with no violations, 100/279
INFO:    Rule m2.4 completed with no violations, 101/279
INFO:    Rule m2.2 completed with no violations, 102/279
INFO:    Rule m2.3b completed with no violations, 103/279
INFO:    Rule m2.5 completed with no violations, 104/279
INFO:    Rule via2.1b completed with no violations, 105/279
INFO:    Rule m3.2 completed with no violations, 106/279
INFO:    Rule m3.4 completed with no violations, 107/279
INFO:    Rule m3.1 completed with no violations, 108/279
INFO:    Rule via2.4 completed with no violations, 109/279
INFO:    Rule via2.4a completed with no violations, 110/279
INFO:    Rule via2.2 completed with no violations, 111/279
INFO:    Rule via2.5 completed with no violations, 112/279
INFO:    Rule m3.3d completed with no violations, 113/279
INFO:    Rule via3.4 completed with no violations, 114/279
INFO:    Rule m3.6 completed with no violations, 115/279
INFO:    Rule nsm.2 completed with no violations, 116/279
INFO:    Rule nsm.1 completed with no violations, 117/279
INFO:    Rule via3.2 completed with no violations, 118/279
INFO:    Rule m4.1 completed with no violations, 119/279
INFO:    Rule via3.5 completed with no violations, 120/279
INFO:    Rule via3.1 completed with no violations, 121/279
INFO:    Rule m4.2 completed with no violations, 122/279
INFO:    Rule via4.1 completed with no violations, 123/279
INFO:    Rule m4.5b completed with no violations, 124/279
INFO:    Rule m4.4a completed with no violations, 125/279
INFO:    Rule via4.2 completed with no violations, 126/279
INFO:    Rule m5.2 completed with no violations, 127/279
INFO:    Rule m5.1 completed with no violations, 128/279
INFO:    Rule m4.3 completed with no violations, 129/279
INFO:    Rule mf.2 completed with no violations, 130/279
INFO:    Rule mf.1 completed with no violations, 131/279
INFO:    Rule pad.2 completed with no violations, 132/279
INFO:    Rule m5.3 completed with no violations, 133/279
INFO:    Rule pad.3 completed with no violations, 134/279
INFO:    Rule m5.4 completed with no violations, 135/279
INFO:    Rule mf.5 completed with no violations, 136/279
INFO:    Rule mf.3 completed with no violations, 137/279
INFO:    Rule hvi.4 completed with no violations, 138/279
INFO:    Rule hvi.1 completed with no violations, 139/279
INFO:    Rule hvdifftap.21 completed with no violations, 140/279
INFO:    Rule hvi.2a completed with no violations, 141/279
INFO:    Rule hvi.5 completed with no violations, 142/279
INFO:    Rule hvdifftap.15a completed with no violations, 143/279
INFO:    Rule hvntm.1 completed with no violations, 144/279
INFO:    Rule hvntm.9 completed with no violations, 145/279
INFO:    Rule hvntm.2 completed with no violations, 146/279
INFO:    Rule hvntm.10 completed with no violations, 147/279
INFO:    Rule hvpoly.13 completed with no violations, 148/279
INFO:    Rule hvdifftap.14 completed with no violations, 149/279
INFO:    Rule hvdifftap.14a completed with no violations, 150/279
INFO:    Rule denmos.1 completed with no violations, 151/279
INFO:    Rule denmos.7 completed with no violations, 152/279
INFO:    Rule vhvi.8.- completed with no violations, 153/279
INFO:    Rule vhvi.2.- completed with no violations, 154/279
INFO:    Rule pwres.3 completed with no violations, 155/279
INFO:    Rule vhvi.1.- completed with no violations, 156/279
INFO:    Rule pwres.5 completed with no violations, 157/279
INFO:    Rule vhvi.3.- completed with no violations, 158/279
INFO:    Rule vhvi.5.- completed with no violations, 159/279
INFO:    Rule denmos.4 completed with no violations, 160/279
INFO:    Rule ncm.5 completed with no violations, 161/279
INFO:    Rule tunm.5 completed with no violations, 162/279
INFO:    Rule pwres.8 completed with no violations, 163/279
INFO:    Rule poly.6 completed with no violations, 164/279
INFO:    Rule licon.5b completed with no violations, 165/279
INFO:    Rule poly.11 completed with no violations, 166/279
INFO:    Rule lvtn.3b completed with no violations, 167/279
INFO:    Rule lvtn.4b completed with no violations, 168/279
INFO:    Rule tunm.3 completed with no violations, 169/279
INFO:    Rule ncm.6 completed with no violations, 170/279
INFO:    Rule tunm.4 completed with no violations, 171/279
INFO:    Rule poly.8 completed with no violations, 172/279
INFO:    Rule npc.4 completed with no violations, 173/279
INFO:    Rule hvtr.3 completed with no violations, 174/279
INFO:    Rule poly.1b completed with no violations, 175/279
INFO:    Rule hvpoly.14 completed with no violations, 176/279
INFO:    Rule hvtp.4 completed with no violations, 177/279
INFO:    Rule poly.7 completed with no violations, 178/279
INFO:    Rule difftap.2b completed with no violations, 179/279
INFO:    Rule difftap.2 completed with no violations, 180/279
INFO:    Rule varac.3 completed with no violations, 181/279
INFO:    Rule varac.4 completed with no violations, 182/279
INFO:    Rule varac.1 completed with no violations, 183/279
INFO:    Rule varac.5 completed with no violations, 184/279
INFO:    Rule varac.8 completed with no violations, 185/279
INFO:    Rule varac.2 completed with no violations, 186/279
INFO:    Rule hvntm.4 completed with no violations, 187/279
INFO:    Rule difftap.7 completed with no violations, 188/279
INFO:    Rule pwres.7a completed with no violations, 189/279
INFO:    Rule poly.12 completed with no violations, 190/279
INFO:    Rule rpm.9 completed with no violations, 191/279
INFO:    Rule rpm.5 completed with no violations, 192/279
INFO:    Rule rpm.4 completed with no violations, 193/279
INFO:    Rule difftap.5 completed with no violations, 194/279
INFO:    Rule hvntm.6a completed with no violations, 195/279
INFO:    Rule hvntm.6b completed with no violations, 196/279
INFO:    Rule hvdifftap.15b completed with no violations, 197/279
INFO:    Rule poly.5 completed with no violations, 198/279
INFO:    Rule vpp.3 completed with no violations, 199/279
INFO:    Rule psd.5b completed with no violations, 200/279
INFO:    Rule psd.9 completed with no violations, 201/279
INFO:    Rule licon.15 completed with no violations, 202/279
INFO:    Rule li.3a completed with no violations, 203/279
INFO:    Rule licon.18 completed with no violations, 204/279
INFO:    Rule licon.9 completed with no violations, 205/279
INFO:    Rule licon.8a completed with no violations, 206/279
INFO:    Rule li.3 completed with no violations, 207/279
INFO:    Rule li.1a completed with no violations, 208/279
INFO:    Rule via2.1d completed with no violations, 209/279
INFO:    Rule m1.4a completed with no violations, 210/279
INFO:    Rule via2.1c completed with no violations, 211/279
INFO:    Rule via.5c completed with no violations, 212/279
INFO:    Rule via.5b completed with no violations, 213/279
INFO:    Rule via2.1e completed with no violations, 214/279
INFO:    Rule via.5a completed with no violations, 215/279
INFO:    Rule mf.10 completed with no violations, 216/279
INFO:    Rule mf.8 completed with no violations, 217/279
INFO:    Rule mf.7 completed with no violations, 218/279
INFO:    Rule mf.21 completed with no violations, 219/279
INFO:    Rule mf.11 completed with no violations, 220/279
INFO:    Rule via3.1a completed with no violations, 221/279
INFO:    Rule mf.22 completed with no violations, 222/279
INFO:    Rule mf.4 completed with no violations, 223/279
INFO:    Rule mf.6 completed with no violations, 224/279
INFO:    Rule mf.19 completed with no violations, 225/279
INFO:    Rule mf.24 completed with no violations, 226/279
INFO:    Rule mf.9 completed with no violations, 227/279
INFO:    Rule hvdifftap.25 completed with no violations, 228/279
INFO:    Rule hvdifftap.24 completed with no violations, 229/279
INFO:    Rule hvdifftap.16 completed with no violations, 230/279
INFO:    Rule hvdifftap.23 completed with no violations, 231/279
INFO:    Rule vhvi.6.- completed with no violations, 232/279
INFO:    Rule depmos.10 completed with no violations, 233/279
INFO:    Rule vhvi.7.- completed with no violations, 234/279
INFO:    Rule depmos.11 completed with no violations, 235/279
INFO:    Rule pwres.6 completed with no violations, 236/279
INFO:    Rule denmos.2 completed with no violations, 237/279
INFO:    Rule denmos.3 completed with no violations, 238/279
INFO:    Rule denmos.5 completed with no violations, 239/279
INFO:    Rule denmos.10 completed with no violations, 240/279
INFO:    Rule denmos.11 completed with no violations, 241/279
INFO:    Rule denmos.8 completed with no violations, 242/279
INFO:    Rule denmos.12 completed with no violations, 243/279
INFO:    Rule hvntm.5 completed with no violations, 244/279
INFO:    Rule depmos.4 completed with no violations, 245/279
INFO:    Rule depmos.8 completed with no violations, 246/279
INFO:    Rule hvdifftap.17 completed with no violations, 247/279
INFO:    Rule licon.16 completed with no violations, 248/279
INFO:    Rule varac.7 completed with no violations, 249/279
INFO:    Rule ncm.3 completed with no violations, 250/279
INFO:    Rule ncm.4 completed with no violations, 251/279
INFO:    Rule difftap.8 completed with no violations, 252/279
INFO:    Rule psd.7 completed with no violations, 253/279
INFO:    Rule licon.12 completed with no violations, 254/279
INFO:    Rule mf.12 completed with no violations, 255/279
INFO:    Rule pwres.7b completed with no violations, 256/279
INFO:    Rule mf.13 completed with no violations, 257/279
INFO:    Rule via2.1f completed with no violations, 258/279
INFO:    Rule mf.14 completed with no violations, 259/279
INFO:    Rule mf.18 completed with no violations, 260/279
INFO:    Rule hvntm.3 completed with no violations, 261/279
INFO:    Rule licon.11 completed with no violations, 262/279
INFO:    Rule hvdifftap.18 completed with no violations, 263/279
INFO:    Rule denmos.6 completed with no violations, 264/279
INFO:    Rule hvdifftap.20 completed with no violations, 265/279
INFO:    Rule denmos.13 completed with no violations, 266/279
INFO:    Rule licon.17 completed with no violations, 267/279
INFO:    Rule hvdifftap.19 completed with no violations, 268/279
INFO:    Rule depmos.1 completed with no violations, 269/279
         Remaining rules: licon.11a  licon.13  licon.14  hvdifftap.22  depmos.2  depmos.3  depmos.5  depmos.6  depmos.7  depmos.12 
INFO:    Rule depmos.7 completed with no violations, 270/279
         Remaining rules: licon.11a  licon.13  licon.14  hvdifftap.22  depmos.2  depmos.3  depmos.5  depmos.6  depmos.12 
INFO:    Rule licon.14 completed with no violations, 271/279
         Remaining rules: licon.11a  licon.13  hvdifftap.22  depmos.2  depmos.3  depmos.5  depmos.6  depmos.12 
INFO:    Rule hvdifftap.22 completed with no violations, 272/279
         Remaining rules: licon.11a  licon.13  depmos.2  depmos.3  depmos.5  depmos.6  depmos.12 
INFO:    Rule licon.11a completed with no violations, 273/279
         Remaining rules: licon.13  depmos.2  depmos.3  depmos.5  depmos.6  depmos.12 
INFO:    Rule depmos.2 completed with no violations, 274/279
         Remaining rules: licon.13  depmos.3  depmos.5  depmos.6  depmos.12 
INFO:    Rule depmos.3 completed with no violations, 275/279
         Remaining rules: licon.13  depmos.5  depmos.6  depmos.12 
INFO:    Rule depmos.5 completed with no violations, 276/279
         Remaining rules: licon.13  depmos.6  depmos.12 
INFO:    Rule licon.13 completed with no violations, 277/279
         Remaining rules: depmos.6  depmos.12 
INFO:    Rule depmos.12 completed with no violations, 278/279
         Remaining rules: depmos.6 
INFO:    Rule depmos.6 completed with no violations, 279/279
INFO:    Status: Runset 100% complete as of 2024-04-04 22:34:47   Elapsed: 00:00:19
         Worker: Active CPUs  Total Mem(MB)  Active Mem(MB)  CPU time(s)
              1:    1 /   1             15              15            3
              2:    1 /   1             15              15            4
              3:    1 /   1             15              15            3
              4:    1 /   1             15              15            4
              5:    1 /   1             15              15            3
              6:    1 /   1             15              15            3
              7:    1 /   1             17              17            4
              8:    1 /   1             15              15            3
INFO:	 Status: Finishing as of 2024-04-04 22:34:47   Elapsed: 00:00:19   CPU time[s]: 19
INFO:    Resource usage by worker at exit:
                  CPU      Elapsed  CPUs       CPU       Peak        Peak engine
         Worker:  time[s]  time[s]  Allocated  usage[%]  Memory[MB]  Memory[MB]
              1:        3       11          1     34.60          35           15
              2:        4       11          1     40.52          30           15
              3:        3       11          1     34.46          32           15
              4:        4       11          1     36.01          28           15
              5:        3       11          1     34.85          29           15
              6:        3       11          1     34.22          30           15
              7:        4       11          1     36.12          29           17
              8:        3       11          1     34.34          28           15
         Worker resource usage  summary: Total CPU[s]: 27  Run duration[s]: 11  Max peak memory[MB]: 35
         Worker CPU utilization summary: 27 of 88 available CPU seconds (30.68%) with 8 average available CPU(s)
INFO:    Generating summary in /nfs/nfs2/home/ncm1/IC_CAD/alu4/cad/drc/xor2.sum
INFO:    All selected rules completed
         Total CPU Time                    : 2(s)
         Total Real Time                   : 20(s)
         Total Original Geometry           : 138(662)
         Total DRC RuleChecks              : 279
         Total DRC Results                 : 0 (0)
         ASCII report database is /nfs/nfs2/home/ncm1/IC_CAD/alu4/cad/drc/xor2.drc_errors.ascii
sh: switchml: line 1: syntax error: unexpected end of file
sh: error importing function definition for `switchml'
sh: which: line 1: syntax error: unexpected end of file
sh: error importing function definition for `which'
sh: ml: line 1: syntax error: unexpected end of file
sh: error importing function definition for `ml'
sh: _module_raw: line 1: syntax error: unexpected end of file
sh: error importing function definition for `_module_raw'
sh: module: line 1: syntax error: unexpected end of file
sh: error importing function definition for `module'
INFO:    Checking in all SoftShare licenses.
INFO:    Manager summary: CPU(s): 5  Elapsed(s): 20  Peak memory(MB): 55

Pegasus finished normally. 2024-04-04 22:34:47


