/bin/sh: switchml: line 1: syntax error: unexpected end of file
/bin/sh: error importing function definition for `switchml'
/bin/sh: which: line 1: syntax error: unexpected end of file
/bin/sh: error importing function definition for `which'
/bin/sh: ml: line 1: syntax error: unexpected end of file
/bin/sh: error importing function definition for `ml'
/bin/sh: _module_raw: line 1: syntax error: unexpected end of file
/bin/sh: error importing function definition for `_module_raw'
/bin/sh: module: line 1: syntax error: unexpected end of file
/bin/sh: error importing function definition for `module'
sh: switchml: line 1: syntax error: unexpected end of file
sh: error importing function definition for `switchml'
sh: which: line 1: syntax error: unexpected end of file
sh: error importing function definition for `which'
sh: ml: line 1: syntax error: unexpected end of file
sh: error importing function definition for `ml'
sh: _module_raw: line 1: syntax error: unexpected end of file
sh: error importing function definition for `_module_raw'
sh: module: line 1: syntax error: unexpected end of file
sh: error importing function definition for `module'
Virtuoso Framework License (111) was checked out successfully. Total checkout time was 0.04s.
sh: switchml: line 1: syntax error: unexpected end of file
sh: error importing function definition for `switchml'
sh: which: line 1: syntax error: unexpected end of file
sh: error importing function definition for `which'
sh: ml: line 1: syntax error: unexpected end of file
sh: error importing function definition for `ml'
sh: _module_raw: line 1: syntax error: unexpected end of file
sh: error importing function definition for `_module_raw'
sh: module: line 1: syntax error: unexpected end of file
sh: error importing function definition for `module'
sh: switchml: line 1: syntax error: unexpected end of file
sh: error importing function definition for `switchml'
sh: which: line 1: syntax error: unexpected end of file
sh: error importing function definition for `which'
sh: ml: line 1: syntax error: unexpected end of file
sh: error importing function definition for `ml'
sh: _module_raw: line 1: syntax error: unexpected end of file
sh: error importing function definition for `_module_raw'
sh: module: line 1: syntax error: unexpected end of file
sh: error importing function definition for `module'
sh: switchml: line 1: syntax error: unexpected end of file
sh: error importing function definition for `switchml'
sh: which: line 1: syntax error: unexpected end of file
sh: error importing function definition for `which'
sh: ml: line 1: syntax error: unexpected end of file
sh: error importing function definition for `ml'
sh: _module_raw: line 1: syntax error: unexpected end of file
sh: error importing function definition for `_module_raw'
sh: module: line 1: syntax error: unexpected end of file
sh: error importing function definition for `module'
sh: switchml: line 1: syntax error: unexpected end of file
sh: error importing function definition for `switchml'
sh: which: line 1: syntax error: unexpected end of file
sh: error importing function definition for `which'
sh: ml: line 1: syntax error: unexpected end of file
sh: error importing function definition for `ml'
sh: _module_raw: line 1: syntax error: unexpected end of file
sh: error importing function definition for `_module_raw'
sh: module: line 1: syntax error: unexpected end of file
sh: error importing function definition for `module'
sh: switchml: line 1: syntax error: unexpected end of file
sh: error importing function definition for `switchml'
sh: which: line 1: syntax error: unexpected end of file
sh: error importing function definition for `which'
sh: ml: line 1: syntax error: unexpected end of file
sh: error importing function definition for `ml'
sh: _module_raw: line 1: syntax error: unexpected end of file
sh: error importing function definition for `_module_raw'
sh: module: line 1: syntax error: unexpected end of file
sh: error importing function definition for `module'
********************************************************************************
Product   : Virtuoso(R) XStream Out
Program   : @(#)$CDS: strmout version 6.1.8-64b 10/11/2023 09:46 (sjfhw317) $
          : sub-version  IC6.1.8-64b.500.34 
Started at: 04-Apr-2024  22:34:19
User Name : ncm1
Host Name : silo-rhel.luddy.indiana.edu
Directory : /nfs/nfs2/home/ncm1/IC_CAD/alu4/cad
CADENCE Design Systems, Inc.
********************************************************************************
Info: Cellview Rev Num:99,  Tech Rev Num:59

Loading sky130_fd_pr_main/libInit.il ...
	Loading sky130_fd_pr_main/loadCxt.ile ... done!
	Loading context 'sky130_fd_pr_main' from library 'sky130_fd_pr_main' ... done!
	Loading context 'pdkUtils' from library 'sky130_fd_pr_main' ... done!
	Loading sky130_fd_pr_main/libInitCktPro.il ... done!
	Loading sky130_fd_pr_main/libInitCustomExit.il ... 	Loading Environment Settings ...
done!
Loaded sky130_fd_pr_main/libInit.il successfully!
WARNING (XSTRM-20): Output Stream file '/nfs/nfs2/home/ncm1/IC_CAD/alu4/cad/drc/xor2.gds.gz' already exists. It will be overwritten.
INFO (XSTRM-217): Reading the layer map file, /home/sky130_release_0.0.1/libs/sky130_fd_pr_main/sky130_fd_pr_main.layermap
INFO (XSTRM-280): The output file will be a compressed file because the file name has extension .gz
INFO (XSTRM-162): You have not used the '-viaMap' option. If the OpenAccess design has native oaVia instances, use the '-viaMap' option for preserving oaVia instances in a XStream Out - XStream In round trip. Using the '-viaMap' option improves performance and VM usage of applications using the Streamed-In design.

Summary of Options :
library                                 std_cells
strmFile                                /nfs/nfs2/home/ncm1/IC_CAD/alu4/cad/drc/xor2.gds.gz
topCell                                 xor2
view                                    layout
runDir                                  /nfs/nfs2/home/ncm1/IC_CAD/alu4/cad/drc
logFile                                 /nfs/nfs2/home/ncm1/IC_CAD/alu4/cad/drc/PIPO1.LOG
techLib                                 sky130_fd_pr_main
hierDepth                               32
maxVertices                             2048
layerMap                                /home/sky130_release_0.0.1/libs/sky130_fd_pr_main/sky130_fd_pr_main.layermap
userSkillFile                           /nfs/nfs2/home/ncm1/IC_CAD/alu4/cad/drc/strmout.il
labelDepth                              32
case                                    Preserve
convertDot                              node

INFO (XSTRM-223): 1. Translating stdVia sky130_fd_pr_main/M1M2_C/layout as STRUCTURE M1M2_C_CDNS_1.
INFO (XSTRM-223): 2. Translating customVia sky130_fd_pr_main/polyConn/layout as STRUCTURE polyConn_CDNS_2.
INFO (XSTRM-223): 3. Translating customVia sky130_fd_pr_main/nwellTap/layout as STRUCTURE nwellTap_CDNS_3.
INFO (XSTRM-223): 4. Translating customVia sky130_fd_pr_main/subTap/layout as STRUCTURE subTap_CDNS_4.
INFO (XSTRM-223): 5. Translating stdVia sky130_fd_pr_main/L1M1_C/layout as STRUCTURE L1M1_C_CDNS_5.
INFO (XSTRM-223): 6. Translating cellView sky130_fd_pr_main/pfet_01v8/layout as STRUCTURE pfet_01v8_CDNS_6.
INFO (XSTRM-223): 7. Translating cellView sky130_fd_pr_main/nfet_01v8/layout as STRUCTURE nfet_01v8_CDNS_7.
INFO (XSTRM-223): 8. Translating cellView sky130_fd_pr_main/nfet_01v8/layout as STRUCTURE nfet_01v8_CDNS_8.
INFO (XSTRM-223): 9. Translating cellView sky130_fd_pr_main/pfet_01v8/layout as STRUCTURE pfet_01v8_CDNS_9.
INFO (XSTRM-223): 10. Translating cellView std_cells/nand2/layout as STRUCTURE nand2.
INFO (XSTRM-180): You have not used the '-objectMap' option. The design has instance(s) of at least one of following OpenAccess objects: oaBlockage, oaBoundary, oaRow, and oaMarker. Any information about these objects will not be translated into the generated stream file. Use the '-objectMap' option to translate/preserve these objects using XStream.
INFO (XSTRM-223): 11. Translating cellView std_cells/xor2/layout as STRUCTURE xor2.

Summary of Objects Translated:
	Scalar Instances:                       9
	Array Instances:                        0
	Polygons:                               0
	Paths:                                  0
	Rectangles:                             135
	Lines:                                  0
	Arcs:                                   0
	Donuts:                                 0
	Dots:                                   0
	Ellipses:                               0
	Boundaries:                             0
	Area Blockages:                         0
	Layer Blockages:                        0
	Area Halos:                             0
	Markers:                                0
	Rows:                                   0
	Standard Vias                           20
	Custom Vias:                            4
	CdsGen Vias:                            0
	Pathsegs:                               6
	Text:                                   10
	TextDisplay:                            0
	Cells:                                  11

Elapsed Time: 0.3s   User Time: 0.1s   CPU Time: 0.0s   Peak VM: 6504KB
INFO (XSTRM-234): Translation completed. '0' error(s) and '1' warning(s) found.
